{"/Users/sam/Documents/Sift/DeveloperTools/ClaudeCodePlugin/src/index.ts": {"path":"/Users/sam/Documents/Sift/DeveloperTools/ClaudeCodePlugin/src/index.ts","statementMap":{"0":{"start":{"line":7,"column":0},"end":{"line":7,"column":9}},"1":{"start":{"line":35,"column":9},"end":{"line":7,"column":59}},"2":{"start":{"line":8,"column":0},"end":{"line":8,"column":9}},"3":{"start":{"line":36,"column":9},"end":{"line":8,"column":97}},"4":{"start":{"line":9,"column":0},"end":{"line":9,"column":9}},"5":{"start":{"line":37,"column":9},"end":{"line":9,"column":127}},"6":{"start":{"line":10,"column":0},"end":{"line":10,"column":9}},"7":{"start":{"line":38,"column":9},"end":{"line":10,"column":93}},"8":{"start":{"line":11,"column":0},"end":{"line":11,"column":9}},"9":{"start":{"line":39,"column":9},"end":{"line":11,"column":97}},"10":{"start":{"line":12,"column":0},"end":{"line":12,"column":9}},"11":{"start":{"line":44,"column":9},"end":{"line":12,"column":70}},"12":{"start":{"line":13,"column":0},"end":{"line":13,"column":9}},"13":{"start":{"line":45,"column":9},"end":{"line":13,"column":64}},"14":{"start":{"line":14,"column":0},"end":{"line":14,"column":9}},"15":{"start":{"line":46,"column":9},"end":{"line":14,"column":68}},"16":{"start":{"line":15,"column":0},"end":{"line":15,"column":9}},"17":{"start":{"line":47,"column":9},"end":{"line":15,"column":64}},"18":{"start":{"line":16,"column":0},"end":{"line":16,"column":9}},"19":{"start":{"line":48,"column":9},"end":{"line":16,"column":60}},"20":{"start":{"line":17,"column":0},"end":{"line":17,"column":9}},"21":{"start":{"line":49,"column":9},"end":{"line":17,"column":83}},"22":{"start":{"line":18,"column":0},"end":{"line":18,"column":9}},"23":{"start":{"line":50,"column":9},"end":{"line":18,"column":68}},"24":{"start":{"line":19,"column":0},"end":{"line":19,"column":9}},"25":{"start":{"line":51,"column":9},"end":{"line":19,"column":75}},"26":{"start":{"line":20,"column":0},"end":{"line":20,"column":9}},"27":{"start":{"line":52,"column":9},"end":{"line":20,"column":74}},"28":{"start":{"line":21,"column":0},"end":{"line":21,"column":9}},"29":{"start":{"line":53,"column":9},"end":{"line":21,"column":70}},"30":{"start":{"line":22,"column":0},"end":{"line":22,"column":9}},"31":{"start":{"line":54,"column":9},"end":{"line":22,"column":70}},"32":{"start":{"line":23,"column":0},"end":{"line":23,"column":9}},"33":{"start":{"line":55,"column":9},"end":{"line":23,"column":61}},"34":{"start":{"line":24,"column":0},"end":{"line":24,"column":9}},"35":{"start":{"line":56,"column":9},"end":{"line":24,"column":63}},"36":{"start":{"line":27,"column":0},"end":{"line":27,"column":9}},"37":{"start":{"line":40,"column":9},"end":{"line":27,"column":72}},"38":{"start":{"line":30,"column":0},"end":{"line":30,"column":9}},"39":{"start":{"line":41,"column":9},"end":{"line":30,"column":50}},"40":{"start":{"line":31,"column":0},"end":{"line":31,"column":9}},"41":{"start":{"line":42,"column":9},"end":{"line":31,"column":50}},"42":{"start":{"line":32,"column":0},"end":{"line":32,"column":9}},"43":{"start":{"line":43,"column":9},"end":{"line":32,"column":73}},"44":{"start":{"line":59,"column":34},"end":{"line":59,"column":89}},"45":{"start":{"line":59,"column":60},"end":{"line":59,"column":89}},"46":{"start":{"line":59,"column":13},"end":{"line":59,"column":34}},"47":{"start":{"line":60,"column":34},"end":{"line":60,"column":78}},"48":{"start":{"line":60,"column":53},"end":{"line":60,"column":78}},"49":{"start":{"line":60,"column":13},"end":{"line":60,"column":34}},"50":{"start":{"line":61,"column":38},"end":{"line":61,"column":97}},"51":{"start":{"line":61,"column":64},"end":{"line":61,"column":97}},"52":{"start":{"line":61,"column":13},"end":{"line":61,"column":38}},"53":{"start":{"line":62,"column":34},"end":{"line":62,"column":89}},"54":{"start":{"line":62,"column":60},"end":{"line":62,"column":89}},"55":{"start":{"line":62,"column":13},"end":{"line":62,"column":34}},"56":{"start":{"line":63,"column":33},"end":{"line":63,"column":87}},"57":{"start":{"line":63,"column":59},"end":{"line":63,"column":87}},"58":{"start":{"line":63,"column":13},"end":{"line":63,"column":33}}},"fnMap":{"0":{"name":"(anonymous_0)","decl":{"start":{"line":35,"column":9},"end":{"line":35,"column":21}},"loc":{"start":{"line":35,"column":9},"end":{"line":7,"column":59}}},"1":{"name":"(anonymous_1)","decl":{"start":{"line":36,"column":9},"end":{"line":36,"column":21}},"loc":{"start":{"line":36,"column":9},"end":{"line":8,"column":97}}},"2":{"name":"(anonymous_2)","decl":{"start":{"line":37,"column":9},"end":{"line":37,"column":21}},"loc":{"start":{"line":37,"column":9},"end":{"line":9,"column":127}}},"3":{"name":"(anonymous_3)","decl":{"start":{"line":38,"column":9},"end":{"line":38,"column":25}},"loc":{"start":{"line":38,"column":9},"end":{"line":10,"column":93}}},"4":{"name":"(anonymous_4)","decl":{"start":{"line":39,"column":9},"end":{"line":39,"column":21}},"loc":{"start":{"line":39,"column":9},"end":{"line":11,"column":97}}},"5":{"name":"(anonymous_5)","decl":{"start":{"line":44,"column":9},"end":{"line":44,"column":30}},"loc":{"start":{"line":44,"column":9},"end":{"line":12,"column":70}}},"6":{"name":"(anonymous_6)","decl":{"start":{"line":45,"column":9},"end":{"line":45,"column":27}},"loc":{"start":{"line":45,"column":9},"end":{"line":13,"column":64}}},"7":{"name":"(anonymous_7)","decl":{"start":{"line":46,"column":9},"end":{"line":46,"column":29}},"loc":{"start":{"line":46,"column":9},"end":{"line":14,"column":68}}},"8":{"name":"(anonymous_8)","decl":{"start":{"line":47,"column":9},"end":{"line":47,"column":27}},"loc":{"start":{"line":47,"column":9},"end":{"line":15,"column":64}}},"9":{"name":"(anonymous_9)","decl":{"start":{"line":48,"column":9},"end":{"line":48,"column":25}},"loc":{"start":{"line":48,"column":9},"end":{"line":16,"column":60}}},"10":{"name":"(anonymous_10)","decl":{"start":{"line":49,"column":9},"end":{"line":49,"column":38}},"loc":{"start":{"line":49,"column":9},"end":{"line":17,"column":83}}},"11":{"name":"(anonymous_11)","decl":{"start":{"line":50,"column":9},"end":{"line":50,"column":29}},"loc":{"start":{"line":50,"column":9},"end":{"line":18,"column":68}}},"12":{"name":"(anonymous_12)","decl":{"start":{"line":51,"column":9},"end":{"line":51,"column":34}},"loc":{"start":{"line":51,"column":9},"end":{"line":19,"column":75}}},"13":{"name":"(anonymous_13)","decl":{"start":{"line":52,"column":9},"end":{"line":52,"column":32}},"loc":{"start":{"line":52,"column":9},"end":{"line":20,"column":74}}},"14":{"name":"(anonymous_14)","decl":{"start":{"line":53,"column":9},"end":{"line":53,"column":30}},"loc":{"start":{"line":53,"column":9},"end":{"line":21,"column":70}}},"15":{"name":"(anonymous_15)","decl":{"start":{"line":54,"column":9},"end":{"line":54,"column":30}},"loc":{"start":{"line":54,"column":9},"end":{"line":22,"column":70}}},"16":{"name":"(anonymous_16)","decl":{"start":{"line":55,"column":9},"end":{"line":55,"column":25}},"loc":{"start":{"line":55,"column":9},"end":{"line":23,"column":61}}},"17":{"name":"(anonymous_17)","decl":{"start":{"line":56,"column":9},"end":{"line":56,"column":23}},"loc":{"start":{"line":56,"column":9},"end":{"line":24,"column":63}}},"18":{"name":"(anonymous_18)","decl":{"start":{"line":40,"column":9},"end":{"line":40,"column":20}},"loc":{"start":{"line":40,"column":9},"end":{"line":27,"column":72}}},"19":{"name":"(anonymous_19)","decl":{"start":{"line":41,"column":9},"end":{"line":41,"column":18}},"loc":{"start":{"line":41,"column":9},"end":{"line":30,"column":50}}},"20":{"name":"(anonymous_20)","decl":{"start":{"line":42,"column":9},"end":{"line":42,"column":18}},"loc":{"start":{"line":42,"column":9},"end":{"line":31,"column":50}}},"21":{"name":"(anonymous_21)","decl":{"start":{"line":43,"column":9},"end":{"line":43,"column":21}},"loc":{"start":{"line":43,"column":9},"end":{"line":32,"column":73}}},"22":{"name":"(anonymous_22)","decl":{"start":{"line":59,"column":34},"end":{"line":59,"column":35}},"loc":{"start":{"line":59,"column":60},"end":{"line":59,"column":89}}},"23":{"name":"(anonymous_23)","decl":{"start":{"line":60,"column":34},"end":{"line":60,"column":35}},"loc":{"start":{"line":60,"column":53},"end":{"line":60,"column":78}}},"24":{"name":"(anonymous_24)","decl":{"start":{"line":61,"column":38},"end":{"line":61,"column":39}},"loc":{"start":{"line":61,"column":64},"end":{"line":61,"column":97}}},"25":{"name":"(anonymous_25)","decl":{"start":{"line":62,"column":34},"end":{"line":62,"column":35}},"loc":{"start":{"line":62,"column":60},"end":{"line":62,"column":89}}},"26":{"name":"(anonymous_26)","decl":{"start":{"line":63,"column":33},"end":{"line":63,"column":34}},"loc":{"start":{"line":63,"column":59},"end":{"line":63,"column":87}}}},"branchMap":{},"s":{"0":0,"1":0,"2":0,"3":0,"4":0,"5":0,"6":0,"7":0,"8":0,"9":0,"10":0,"11":0,"12":0,"13":0,"14":0,"15":0,"16":0,"17":0,"18":0,"19":0,"20":0,"21":0,"22":0,"23":0,"24":0,"25":0,"26":0,"27":0,"28":0,"29":0,"30":0,"31":0,"32":0,"33":0,"34":0,"35":0,"36":0,"37":0,"38":0,"39":0,"40":0,"41":0,"42":0,"43":0,"44":0,"45":0,"46":0,"47":0,"48":0,"49":0,"50":0,"51":0,"52":0,"53":0,"54":0,"55":0,"56":0,"57":0,"58":0},"f":{"0":0,"1":0,"2":0,"3":0,"4":0,"5":0,"6":0,"7":0,"8":0,"9":0,"10":0,"11":0,"12":0,"13":0,"14":0,"15":0,"16":0,"17":0,"18":0,"19":0,"20":0,"21":0,"22":0,"23":0,"24":0,"25":0,"26":0},"b":{}}
,"/Users/sam/Documents/Sift/DeveloperTools/ClaudeCodePlugin/src/cli/index.ts": {"path":"/Users/sam/Documents/Sift/DeveloperTools/ClaudeCodePlugin/src/cli/index.ts","statementMap":{"0":{"start":{"line":8,"column":0},"end":{"line":8,"column":36}},"1":{"start":{"line":9,"column":0},"end":{"line":9,"column":26}},"2":{"start":{"line":10,"column":0},"end":{"line":10,"column":60}},"3":{"start":{"line":11,"column":0},"end":{"line":11,"column":63}},"4":{"start":{"line":12,"column":0},"end":{"line":12,"column":68}},"5":{"start":{"line":13,"column":0},"end":{"line":13,"column":60}},"6":{"start":{"line":14,"column":0},"end":{"line":14,"column":55}},"7":{"start":{"line":16,"column":16},"end":{"line":16,"column":29}},"8":{"start":{"line":18,"column":0},"end":{"line":21,"column":20}},"9":{"start":{"line":24,"column":0},"end":{"line":31,"column":5}},"10":{"start":{"line":28,"column":20},"end":{"line":28,"column":38}},"11":{"start":{"line":29,"column":4},"end":{"line":29,"column":25}},"12":{"start":{"line":30,"column":4},"end":{"line":30,"column":56}},"13":{"start":{"line":33,"column":0},"end":{"line":56,"column":5}},"14":{"start":{"line":37,"column":20},"end":{"line":37,"column":38}},"15":{"start":{"line":38,"column":17},"end":{"line":38,"column":48}},"16":{"start":{"line":39,"column":21},"end":{"line":39,"column":49}},"17":{"start":{"line":41,"column":4},"end":{"line":41,"column":55}},"18":{"start":{"line":43,"column":4},"end":{"line":50,"column":5}},"19":{"start":{"line":44,"column":6},"end":{"line":44,"column":49}},"20":{"start":{"line":45,"column":6},"end":{"line":45,"column":58}},"21":{"start":{"line":46,"column":6},"end":{"line":46,"column":66}},"22":{"start":{"line":47,"column":6},"end":{"line":47,"column":57}},"23":{"start":{"line":49,"column":6},"end":{"line":49,"column":48}},"24":{"start":{"line":52,"column":4},"end":{"line":52,"column":50}},"25":{"start":{"line":53,"column":4},"end":{"line":53,"column":67}},"26":{"start":{"line":54,"column":4},"end":{"line":54,"column":71}},"27":{"start":{"line":55,"column":4},"end":{"line":55,"column":63}},"28":{"start":{"line":59,"column":0},"end":{"line":66,"column":5}},"29":{"start":{"line":63,"column":20},"end":{"line":63,"column":38}},"30":{"start":{"line":64,"column":18},"end":{"line":64,"column":56}},"31":{"start":{"line":65,"column":4},"end":{"line":65,"column":56}},"32":{"start":{"line":69,"column":0},"end":{"line":91,"column":5}},"33":{"start":{"line":73,"column":21},"end":{"line":73,"column":43}},"34":{"start":{"line":74,"column":23},"end":{"line":74,"column":53}},"35":{"start":{"line":76,"column":4},"end":{"line":79,"column":5}},"36":{"start":{"line":77,"column":6},"end":{"line":77,"column":58}},"37":{"start":{"line":78,"column":6},"end":{"line":78,"column":13}},"38":{"start":{"line":81,"column":4},"end":{"line":81,"column":51}},"39":{"start":{"line":82,"column":4},"end":{"line":82,"column":44}},"40":{"start":{"line":83,"column":4},"end":{"line":83,"column":74}},"41":{"start":{"line":83,"column":45},"end":{"line":83,"column":72}},"42":{"start":{"line":85,"column":4},"end":{"line":88,"column":5}},"43":{"start":{"line":86,"column":6},"end":{"line":86,"column":45}},"44":{"start":{"line":87,"column":6},"end":{"line":87,"column":75}},"45":{"start":{"line":87,"column":46},"end":{"line":87,"column":73}},"46":{"start":{"line":90,"column":4},"end":{"line":90,"column":79}},"47":{"start":{"line":94,"column":0},"end":{"line":105,"column":5}},"48":{"start":{"line":98,"column":18},"end":{"line":98,"column":36}},"49":{"start":{"line":99,"column":4},"end":{"line":99,"column":63}},"50":{"start":{"line":101,"column":20},"end":{"line":101,"column":40}},"51":{"start":{"line":102,"column":4},"end":{"line":102,"column":46}},"52":{"start":{"line":104,"column":4},"end":{"line":104,"column":49}},"53":{"start":{"line":108,"column":0},"end":{"line":115,"column":5}},"54":{"start":{"line":112,"column":24},"end":{"line":112,"column":41}},"55":{"start":{"line":113,"column":4},"end":{"line":113,"column":38}},"56":{"start":{"line":114,"column":4},"end":{"line":114,"column":51}},"57":{"start":{"line":118,"column":0},"end":{"line":118,"column":23}},"58":{"start":{"line":120,"column":0},"end":{"line":133,"column":1}},"59":{"start":{"line":121,"column":2},"end":{"line":121,"column":18}},"60":{"start":{"line":123,"column":2},"end":{"line":132,"column":3}},"61":{"start":{"line":125,"column":4},"end":{"line":125,"column":20}},"62":{"start":{"line":126,"column":9},"end":{"line":132,"column":3}},"63":{"start":{"line":128,"column":4},"end":{"line":128,"column":20}},"64":{"start":{"line":130,"column":4},"end":{"line":130,"column":62}},"65":{"start":{"line":131,"column":4},"end":{"line":131,"column":20}}},"fnMap":{"0":{"name":"(anonymous_1)","decl":{"start":{"line":27,"column":10},"end":{"line":27,"column":15}},"loc":{"start":{"line":27,"column":21},"end":{"line":31,"column":3}}},"1":{"name":"(anonymous_2)","decl":{"start":{"line":36,"column":10},"end":{"line":36,"column":15}},"loc":{"start":{"line":36,"column":21},"end":{"line":56,"column":3}}},"2":{"name":"(anonymous_3)","decl":{"start":{"line":62,"column":10},"end":{"line":62,"column":15}},"loc":{"start":{"line":62,"column":21},"end":{"line":66,"column":3}}},"3":{"name":"(anonymous_4)","decl":{"start":{"line":72,"column":10},"end":{"line":72,"column":15}},"loc":{"start":{"line":72,"column":21},"end":{"line":91,"column":3}}},"4":{"name":"(anonymous_5)","decl":{"start":{"line":83,"column":34},"end":{"line":83,"column":41}},"loc":{"start":{"line":83,"column":45},"end":{"line":83,"column":72}}},"5":{"name":"(anonymous_6)","decl":{"start":{"line":87,"column":35},"end":{"line":87,"column":42}},"loc":{"start":{"line":87,"column":46},"end":{"line":87,"column":73}}},"6":{"name":"(anonymous_7)","decl":{"start":{"line":97,"column":10},"end":{"line":97,"column":15}},"loc":{"start":{"line":97,"column":21},"end":{"line":105,"column":3}}},"7":{"name":"(anonymous_8)","decl":{"start":{"line":111,"column":10},"end":{"line":111,"column":15}},"loc":{"start":{"line":111,"column":21},"end":{"line":115,"column":3}}}},"branchMap":{"0":{"loc":{"start":{"line":43,"column":4},"end":{"line":50,"column":5}},"type":"if","locations":[{"start":{"line":43,"column":4},"end":{"line":50,"column":5}},{"start":{"line":48,"column":11},"end":{"line":50,"column":5}}]},"1":{"loc":{"start":{"line":45,"column":32},"end":{"line":45,"column":54}},"type":"binary-expr","locations":[{"start":{"line":45,"column":32},"end":{"line":45,"column":44}},{"start":{"line":45,"column":48},"end":{"line":45,"column":54}}]},"2":{"loc":{"start":{"line":46,"column":30},"end":{"line":46,"column":62}},"type":"binary-expr","locations":[{"start":{"line":46,"column":30},"end":{"line":46,"column":49}},{"start":{"line":46,"column":53},"end":{"line":46,"column":62}}]},"3":{"loc":{"start":{"line":47,"column":30},"end":{"line":47,"column":53}},"type":"binary-expr","locations":[{"start":{"line":47,"column":30},"end":{"line":47,"column":40}},{"start":{"line":47,"column":44},"end":{"line":47,"column":53}}]},"4":{"loc":{"start":{"line":76,"column":4},"end":{"line":79,"column":5}},"type":"if","locations":[{"start":{"line":76,"column":4},"end":{"line":79,"column":5}}]},"5":{"loc":{"start":{"line":85,"column":4},"end":{"line":88,"column":5}},"type":"if","locations":[{"start":{"line":85,"column":4},"end":{"line":88,"column":5}}]},"6":{"loc":{"start":{"line":90,"column":31},"end":{"line":90,"column":75}},"type":"cond-expr","locations":[{"start":{"line":90,"column":66},"end":{"line":90,"column":69}},{"start":{"line":90,"column":72},"end":{"line":90,"column":75}}]},"7":{"loc":{"start":{"line":104,"column":17},"end":{"line":104,"column":47}},"type":"cond-expr","locations":[{"start":{"line":104,"column":42},"end":{"line":104,"column":43}},{"start":{"line":104,"column":46},"end":{"line":104,"column":47}}]},"8":{"loc":{"start":{"line":123,"column":2},"end":{"line":132,"column":3}},"type":"if","locations":[{"start":{"line":123,"column":2},"end":{"line":132,"column":3}},{"start":{"line":126,"column":9},"end":{"line":132,"column":3}}]},"9":{"loc":{"start":{"line":126,"column":9},"end":{"line":132,"column":3}},"type":"if","locations":[{"start":{"line":126,"column":9},"end":{"line":132,"column":3}},{"start":{"line":129,"column":9},"end":{"line":132,"column":3}}]}},"s":{"0":0,"1":0,"2":0,"3":0,"4":0,"5":0,"6":0,"7":0,"8":0,"9":0,"10":0,"11":0,"12":0,"13":0,"14":0,"15":0,"16":0,"17":0,"18":0,"19":0,"20":0,"21":0,"22":0,"23":0,"24":0,"25":0,"26":0,"27":0,"28":0,"29":0,"30":0,"31":0,"32":0,"33":0,"34":0,"35":0,"36":0,"37":0,"38":0,"39":0,"40":0,"41":0,"42":0,"43":0,"44":0,"45":0,"46":0,"47":0,"48":0,"49":0,"50":0,"51":0,"52":0,"53":0,"54":0,"55":0,"56":0,"57":0,"58":0,"59":0,"60":0,"61":0,"62":0,"63":0,"64":0,"65":0},"f":{"0":0,"1":0,"2":0,"3":0,"4":0,"5":0,"6":0,"7":0},"b":{"0":[0,0],"1":[0,0],"2":[0,0],"3":[0,0],"4":[0],"5":[0],"6":[0,0],"7":[0,0],"8":[0,0],"9":[0,0]}}
,"/Users/sam/Documents/Sift/DeveloperTools/ClaudeCodePlugin/src/hooks/hook-manager.ts": {"path":"/Users/sam/Documents/Sift/DeveloperTools/ClaudeCodePlugin/src/hooks/hook-manager.ts","statementMap":{"0":{"start":{"line":7,"column":0},"end":{"line":7,"column":60}},"1":{"start":{"line":8,"column":0},"end":{"line":8,"column":51}},"2":{"start":{"line":9,"column":0},"end":{"line":9,"column":51}},"3":{"start":{"line":24,"column":4},"end":{"line":24,"column":54}},"4":{"start":{"line":32,"column":4},"end":{"line":61,"column":5}},"5":{"start":{"line":34,"column":6},"end":{"line":34,"column":37}},"6":{"start":{"line":37,"column":23},"end":{"line":37,"column":54}},"7":{"start":{"line":38,"column":26},"end":{"line":38,"column":66}},"8":{"start":{"line":41,"column":6},"end":{"line":49,"column":7}},"9":{"start":{"line":42,"column":8},"end":{"line":42,"column":56}},"10":{"start":{"line":44,"column":8},"end":{"line":47,"column":10}},"11":{"start":{"line":48,"column":8},"end":{"line":48,"column":56}},"12":{"start":{"line":52,"column":6},"end":{"line":55,"column":9}},"13":{"start":{"line":57,"column":6},"end":{"line":57,"column":60}},"14":{"start":{"line":59,"column":6},"end":{"line":59,"column":71}},"15":{"start":{"line":69,"column":4},"end":{"line":91,"column":5}},"16":{"start":{"line":71,"column":30},"end":{"line":71,"column":79}},"17":{"start":{"line":73,"column":6},"end":{"line":75,"column":7}},"18":{"start":{"line":74,"column":8},"end":{"line":74,"column":15}},"19":{"start":{"line":78,"column":26},"end":{"line":78,"column":67}},"20":{"start":{"line":81,"column":6},"end":{"line":87,"column":9}},"21":{"start":{"line":90,"column":6},"end":{"line":90,"column":72}},"22":{"start":{"line":100,"column":4},"end":{"line":100,"column":35}},"23":{"start":{"line":20,"column":0},"end":{"line":20,"column":13}},"24":{"start":{"line":106,"column":21},"end":{"line":108,"column":70}},"25":{"start":{"line":109,"column":0},"end":{"line":150,"column":1}},"26":{"start":{"line":110,"column":19},"end":{"line":110,"column":46}},"27":{"start":{"line":112,"column":18},"end":{"line":112,"column":35}},"28":{"start":{"line":114,"column":2},"end":{"line":149,"column":5}},"29":{"start":{"line":115,"column":4},"end":{"line":144,"column":5}},"30":{"start":{"line":117,"column":8},"end":{"line":117,"column":39}},"31":{"start":{"line":118,"column":8},"end":{"line":118,"column":14}},"32":{"start":{"line":121,"column":25},"end":{"line":121,"column":40}},"33":{"start":{"line":122,"column":26},"end":{"line":122,"column":83}},"34":{"start":{"line":124,"column":8},"end":{"line":127,"column":11}},"35":{"start":{"line":128,"column":8},"end":{"line":128,"column":14}},"36":{"start":{"line":132,"column":8},"end":{"line":142,"column":11}},"37":{"start":{"line":143,"column":8},"end":{"line":143,"column":24}},"38":{"start":{"line":146,"column":4},"end":{"line":146,"column":48}},"39":{"start":{"line":148,"column":4},"end":{"line":148,"column":20}}},"fnMap":{"0":{"name":"(anonymous_0)","decl":{"start":{"line":23,"column":2},"end":{"line":23,"column":14}},"loc":{"start":{"line":23,"column":34},"end":{"line":25,"column":3}}},"1":{"name":"(anonymous_1)","decl":{"start":{"line":31,"column":2},"end":{"line":31,"column":7}},"loc":{"start":{"line":31,"column":22},"end":{"line":62,"column":3}}},"2":{"name":"(anonymous_2)","decl":{"start":{"line":68,"column":2},"end":{"line":68,"column":7}},"loc":{"start":{"line":68,"column":42},"end":{"line":92,"column":3}}},"3":{"name":"(anonymous_3)","decl":{"start":{"line":97,"column":2},"end":{"line":97,"column":7}},"loc":{"start":{"line":97,"column":21},"end":{"line":101,"column":3}}},"4":{"name":"(anonymous_4)","decl":{"start":{"line":114,"column":3},"end":{"line":114,"column":8}},"loc":{"start":{"line":114,"column":14},"end":{"line":145,"column":3}}},"5":{"name":"(anonymous_5)","decl":{"start":{"line":145,"column":13},"end":{"line":145,"column":18}},"loc":{"start":{"line":145,"column":21},"end":{"line":149,"column":3}}}},"branchMap":{"0":{"loc":{"start":{"line":41,"column":6},"end":{"line":49,"column":7}},"type":"if","locations":[{"start":{"line":41,"column":6},"end":{"line":49,"column":7}},{"start":{"line":43,"column":13},"end":{"line":49,"column":7}}]},"1":{"loc":{"start":{"line":73,"column":6},"end":{"line":75,"column":7}},"type":"if","locations":[{"start":{"line":73,"column":6},"end":{"line":75,"column":7}}]},"2":{"loc":{"start":{"line":73,"column":10},"end":{"line":73,"column":74}},"type":"binary-expr","locations":[{"start":{"line":73,"column":10},"end":{"line":73,"column":27}},{"start":{"line":73,"column":31},"end":{"line":73,"column":74}}]},"3":{"loc":{"start":{"line":83,"column":15},"end":{"line":83,"column":63}},"type":"binary-expr","locations":[{"start":{"line":83,"column":15},"end":{"line":83,"column":28}},{"start":{"line":83,"column":32},"end":{"line":83,"column":50}},{"start":{"line":83,"column":54},"end":{"line":83,"column":63}}]},"4":{"loc":{"start":{"line":106,"column":21},"end":{"line":108,"column":70}},"type":"binary-expr","locations":[{"start":{"line":106,"column":21},"end":{"line":106,"column":66}},{"start":{"line":107,"column":24},"end":{"line":107,"column":68}},{"start":{"line":108,"column":24},"end":{"line":108,"column":70}}]},"5":{"loc":{"start":{"line":109,"column":0},"end":{"line":150,"column":1}},"type":"if","locations":[{"start":{"line":109,"column":0},"end":{"line":150,"column":1}}]},"6":{"loc":{"start":{"line":115,"column":4},"end":{"line":144,"column":5}},"type":"switch","locations":[{"start":{"line":116,"column":6},"end":{"line":118,"column":14}},{"start":{"line":120,"column":6},"end":{"line":129,"column":7}},{"start":{"line":131,"column":6},"end":{"line":143,"column":24}}]},"7":{"loc":{"start":{"line":122,"column":26},"end":{"line":122,"column":83}},"type":"cond-expr","locations":[{"start":{"line":122,"column":44},"end":{"line":122,"column":71}},{"start":{"line":122,"column":74},"end":{"line":122,"column":83}}]}},"s":{"0":0,"1":0,"2":0,"3":0,"4":0,"5":0,"6":0,"7":0,"8":0,"9":0,"10":0,"11":0,"12":0,"13":0,"14":0,"15":0,"16":0,"17":0,"18":0,"19":0,"20":0,"21":0,"22":0,"23":0,"24":0,"25":0,"26":0,"27":0,"28":0,"29":0,"30":0,"31":0,"32":0,"33":0,"34":0,"35":0,"36":0,"37":0,"38":0,"39":0},"f":{"0":0,"1":0,"2":0,"3":0,"4":0,"5":0},"b":{"0":[0,0],"1":[0],"2":[0,0],"3":[0,0,0],"4":[0,0,0],"5":[0],"6":[0,0,0],"7":[0,0]}}
,"/Users/sam/Documents/Sift/DeveloperTools/ClaudeCodePlugin/src/services/auto-checkpoint.ts": {"path":"/Users/sam/Documents/Sift/DeveloperTools/ClaudeCodePlugin/src/services/auto-checkpoint.ts","statementMap":{"0":{"start":{"line":8,"column":0},"end":{"line":8,"column":41}},"1":{"start":{"line":9,"column":0},"end":{"line":9,"column":51}},"2":{"start":{"line":10,"column":0},"end":{"line":10,"column":51}},"3":{"start":{"line":31,"column":4},"end":{"line":31,"column":52}},"4":{"start":{"line":32,"column":4},"end":{"line":32,"column":55}},"5":{"start":{"line":33,"column":4},"end":{"line":33,"column":71}},"6":{"start":{"line":34,"column":4},"end":{"line":34,"column":77}},"7":{"start":{"line":45,"column":92},"end":{"line":45,"column":99}},"8":{"start":{"line":48,"column":4},"end":{"line":48,"column":47}},"9":{"start":{"line":51,"column":4},"end":{"line":56,"column":5}},"10":{"start":{"line":52,"column":6},"end":{"line":52,"column":86}},"11":{"start":{"line":54,"column":6},"end":{"line":54,"column":63}},"12":{"start":{"line":55,"column":6},"end":{"line":55,"column":18}},"13":{"start":{"line":59,"column":4},"end":{"line":65,"column":5}},"14":{"start":{"line":60,"column":6},"end":{"line":60,"column":108}},"15":{"start":{"line":61,"column":6},"end":{"line":61,"column":46}},"16":{"start":{"line":62,"column":6},"end":{"line":62,"column":18}},"17":{"start":{"line":68,"column":17},"end":{"line":68,"column":76}},"18":{"start":{"line":69,"column":25},"end":{"line":69,"column":37}},"19":{"start":{"line":72,"column":4},"end":{"line":72,"column":54}},"20":{"start":{"line":75,"column":22},"end":{"line":81,"column":48}},"21":{"start":{"line":83,"column":4},"end":{"line":88,"column":5}},"22":{"start":{"line":84,"column":6},"end":{"line":84,"column":89}},"23":{"start":{"line":86,"column":6},"end":{"line":86,"column":45}},"24":{"start":{"line":87,"column":6},"end":{"line":87,"column":18}},"25":{"start":{"line":91,"column":19},"end":{"line":91,"column":102}},"26":{"start":{"line":94,"column":25},"end":{"line":97,"column":50}},"27":{"start":{"line":97,"column":38},"end":{"line":97,"column":39}},"28":{"start":{"line":100,"column":41},"end":{"line":108,"column":6}},"29":{"start":{"line":111,"column":27},"end":{"line":111,"column":86}},"30":{"start":{"line":112,"column":4},"end":{"line":112,"column":56}},"31":{"start":{"line":115,"column":21},"end":{"line":122,"column":6}},"32":{"start":{"line":123,"column":4},"end":{"line":123,"column":78}},"33":{"start":{"line":125,"column":4},"end":{"line":125,"column":88}},"34":{"start":{"line":127,"column":4},"end":{"line":127,"column":20}},"35":{"start":{"line":134,"column":18},"end":{"line":134,"column":64}},"36":{"start":{"line":135,"column":46},"end":{"line":135,"column":48}},"37":{"start":{"line":137,"column":4},"end":{"line":144,"column":5}},"38":{"start":{"line":138,"column":6},"end":{"line":143,"column":7}},"39":{"start":{"line":139,"column":24},"end":{"line":140,"column":null}},"40":{"start":{"line":142,"column":8},"end":{"line":142,"column":34}},"41":{"start":{"line":146,"column":4},"end":{"line":148,"column":6}},"42":{"start":{"line":147,"column":6},"end":{"line":147,"column":71}},"43":{"start":{"line":24,"column":0},"end":{"line":24,"column":13}},"44":{"start":{"line":154,"column":21},"end":{"line":156,"column":73}},"45":{"start":{"line":158,"column":0},"end":{"line":177,"column":1}},"46":{"start":{"line":159,"column":19},"end":{"line":159,"column":46}},"47":{"start":{"line":160,"column":20},"end":{"line":160,"column":48}},"48":{"start":{"line":161,"column":18},"end":{"line":161,"column":59}},"49":{"start":{"line":163,"column":18},"end":{"line":163,"column":45}},"50":{"start":{"line":165,"column":2},"end":{"line":176,"column":7}},"51":{"start":{"line":167,"column":6},"end":{"line":169,"column":7}},"52":{"start":{"line":168,"column":8},"end":{"line":168,"column":24}},"53":{"start":{"line":170,"column":6},"end":{"line":170,"column":53}},"54":{"start":{"line":171,"column":6},"end":{"line":171,"column":22}},"55":{"start":{"line":174,"column":6},"end":{"line":174,"column":45}},"56":{"start":{"line":175,"column":6},"end":{"line":175,"column":22}}},"fnMap":{"0":{"name":"(anonymous_0)","decl":{"start":{"line":30,"column":2},"end":{"line":30,"column":14}},"loc":{"start":{"line":30,"column":34},"end":{"line":35,"column":3}}},"1":{"name":"(anonymous_1)","decl":{"start":{"line":40,"column":2},"end":{"line":40,"column":7}},"loc":{"start":{"line":44,"column":3},"end":{"line":128,"column":3}}},"2":{"name":"(anonymous_2)","decl":{"start":{"line":97,"column":33},"end":{"line":97,"column":34}},"loc":{"start":{"line":97,"column":38},"end":{"line":97,"column":39}}},"3":{"name":"(anonymous_3)","decl":{"start":{"line":133,"column":2},"end":{"line":133,"column":7}},"loc":{"start":{"line":133,"column":23},"end":{"line":149,"column":3}}},"4":{"name":"(anonymous_4)","decl":{"start":{"line":146,"column":28},"end":{"line":146,"column":29}},"loc":{"start":{"line":147,"column":6},"end":{"line":147,"column":71}}},"5":{"name":"(anonymous_5)","decl":{"start":{"line":166,"column":10},"end":{"line":166,"column":18}},"loc":{"start":{"line":166,"column":21},"end":{"line":172,"column":5}}},"6":{"name":"(anonymous_6)","decl":{"start":{"line":173,"column":11},"end":{"line":173,"column":16}},"loc":{"start":{"line":173,"column":19},"end":{"line":176,"column":5}}}},"branchMap":{"0":{"loc":{"start":{"line":31,"column":23},"end":{"line":31,"column":51}},"type":"binary-expr","locations":[{"start":{"line":31,"column":23},"end":{"line":31,"column":34}},{"start":{"line":31,"column":38},"end":{"line":31,"column":51}}]},"1":{"loc":{"start":{"line":45,"column":12},"end":{"line":45,"column":30}},"type":"default-arg","locations":[{"start":{"line":45,"column":22},"end":{"line":45,"column":30}}]},"2":{"loc":{"start":{"line":45,"column":32},"end":{"line":45,"column":53}},"type":"default-arg","locations":[{"start":{"line":45,"column":44},"end":{"line":45,"column":53}}]},"3":{"loc":{"start":{"line":45,"column":55},"end":{"line":45,"column":87}},"type":"default-arg","locations":[{"start":{"line":45,"column":65},"end":{"line":45,"column":87}}]},"4":{"loc":{"start":{"line":138,"column":6},"end":{"line":143,"column":7}},"type":"if","locations":[{"start":{"line":138,"column":6},"end":{"line":143,"column":7}}]},"5":{"loc":{"start":{"line":154,"column":21},"end":{"line":156,"column":73}},"type":"binary-expr","locations":[{"start":{"line":154,"column":21},"end":{"line":154,"column":69}},{"start":{"line":155,"column":24},"end":{"line":155,"column":71}},{"start":{"line":156,"column":24},"end":{"line":156,"column":73}}]},"6":{"loc":{"start":{"line":158,"column":0},"end":{"line":177,"column":1}},"type":"if","locations":[{"start":{"line":158,"column":0},"end":{"line":177,"column":1}}]},"7":{"loc":{"start":{"line":159,"column":19},"end":{"line":159,"column":46}},"type":"binary-expr","locations":[{"start":{"line":159,"column":19},"end":{"line":159,"column":34}},{"start":{"line":159,"column":38},"end":{"line":159,"column":46}}]},"8":{"loc":{"start":{"line":160,"column":20},"end":{"line":160,"column":48}},"type":"binary-expr","locations":[{"start":{"line":160,"column":20},"end":{"line":160,"column":35}},{"start":{"line":160,"column":39},"end":{"line":160,"column":48}}]},"9":{"loc":{"start":{"line":161,"column":18},"end":{"line":161,"column":59}},"type":"binary-expr","locations":[{"start":{"line":161,"column":18},"end":{"line":161,"column":33}},{"start":{"line":161,"column":37},"end":{"line":161,"column":59}}]},"10":{"loc":{"start":{"line":167,"column":6},"end":{"line":169,"column":7}},"type":"if","locations":[{"start":{"line":167,"column":6},"end":{"line":169,"column":7}}]}},"s":{"0":0,"1":0,"2":0,"3":0,"4":0,"5":0,"6":0,"7":0,"8":0,"9":0,"10":0,"11":0,"12":0,"13":0,"14":0,"15":0,"16":0,"17":0,"18":0,"19":0,"20":0,"21":0,"22":0,"23":0,"24":0,"25":0,"26":0,"27":0,"28":0,"29":0,"30":0,"31":0,"32":0,"33":0,"34":0,"35":0,"36":0,"37":0,"38":0,"39":0,"40":0,"41":0,"42":0,"43":0,"44":0,"45":0,"46":0,"47":0,"48":0,"49":0,"50":0,"51":0,"52":0,"53":0,"54":0,"55":0,"56":0},"f":{"0":0,"1":0,"2":0,"3":0,"4":0,"5":0,"6":0},"b":{"0":[0,0],"1":[0],"2":[0],"3":[0],"4":[0],"5":[0,0,0],"6":[0],"7":[0,0],"8":[0,0],"9":[0,0],"10":[0]}}
,"/Users/sam/Documents/Sift/DeveloperTools/ClaudeCodePlugin/src/services/boundary-enforcer.ts": {"path":"/Users/sam/Documents/Sift/DeveloperTools/ClaudeCodePlugin/src/services/boundary-enforcer.ts","statementMap":{"0":{"start":{"line":7,"column":0},"end":{"line":7,"column":51}},"1":{"start":{"line":8,"column":0},"end":{"line":8,"column":51}},"2":{"start":{"line":9,"column":0},"end":{"line":9,"column":62}},"3":{"start":{"line":21,"column":4},"end":{"line":21,"column":54}},"4":{"start":{"line":28,"column":23},"end":{"line":28,"column":63}},"5":{"start":{"line":31,"column":4},"end":{"line":37,"column":5}},"6":{"start":{"line":32,"column":6},"end":{"line":36,"column":8}},"7":{"start":{"line":40,"column":27},"end":{"line":40,"column":53}},"8":{"start":{"line":43,"column":24},"end":{"line":44,"column":null}},"9":{"start":{"line":44,"column":6},"end":{"line":44,"column":46}},"10":{"start":{"line":47,"column":4},"end":{"line":53,"column":5}},"11":{"start":{"line":48,"column":6},"end":{"line":52,"column":8}},"12":{"start":{"line":56,"column":25},"end":{"line":57,"column":null}},"13":{"start":{"line":57,"column":6},"end":{"line":57,"column":46}},"14":{"start":{"line":60,"column":4},"end":{"line":66,"column":5}},"15":{"start":{"line":61,"column":6},"end":{"line":65,"column":8}},"16":{"start":{"line":70,"column":4},"end":{"line":74,"column":6}},"17":{"start":{"line":81,"column":20},"end":{"line":81,"column":58}},"18":{"start":{"line":83,"column":4},"end":{"line":86,"column":5}},"19":{"start":{"line":84,"column":21},"end":{"line":84,"column":51}},"20":{"start":{"line":85,"column":6},"end":{"line":85,"column":36}},"21":{"start":{"line":88,"column":4},"end":{"line":88,"column":19}},"22":{"start":{"line":95,"column":39},"end":{"line":98,"column":6}},"23":{"start":{"line":99,"column":4},"end":{"line":99,"column":59}},"24":{"start":{"line":106,"column":23},"end":{"line":106,"column":63}},"25":{"start":{"line":108,"column":4},"end":{"line":115,"column":5}},"26":{"start":{"line":109,"column":6},"end":{"line":113,"column":9}},"27":{"start":{"line":114,"column":6},"end":{"line":114,"column":13}},"28":{"start":{"line":117,"column":4},"end":{"line":120,"column":5}},"29":{"start":{"line":118,"column":6},"end":{"line":118,"column":42}},"30":{"start":{"line":119,"column":6},"end":{"line":119,"column":57}},"31":{"start":{"line":127,"column":23},"end":{"line":127,"column":63}},"32":{"start":{"line":129,"column":4},"end":{"line":136,"column":5}},"33":{"start":{"line":130,"column":6},"end":{"line":134,"column":9}},"34":{"start":{"line":135,"column":6},"end":{"line":135,"column":13}},"35":{"start":{"line":138,"column":4},"end":{"line":141,"column":5}},"36":{"start":{"line":139,"column":6},"end":{"line":139,"column":41}},"37":{"start":{"line":140,"column":6},"end":{"line":140,"column":57}},"38":{"start":{"line":148,"column":4},"end":{"line":152,"column":7}},"39":{"start":{"line":159,"column":4},"end":{"line":159,"column":46}},"40":{"start":{"line":166,"column":20},"end":{"line":166,"column":48}},"41":{"start":{"line":169,"column":23},"end":{"line":169,"column":83}},"42":{"start":{"line":169,"column":68},"end":{"line":169,"column":82}},"43":{"start":{"line":171,"column":4},"end":{"line":177,"column":5}},"44":{"start":{"line":172,"column":25},"end":{"line":172,"column":65}},"45":{"start":{"line":173,"column":6},"end":{"line":176,"column":7}},"46":{"start":{"line":174,"column":8},"end":{"line":174,"column":48}},"47":{"start":{"line":175,"column":8},"end":{"line":175,"column":59}},"48":{"start":{"line":179,"column":4},"end":{"line":179,"column":22}},"49":{"start":{"line":17,"column":0},"end":{"line":17,"column":13}},"50":{"start":{"line":185,"column":21},"end":{"line":187,"column":75}},"51":{"start":{"line":188,"column":0},"end":{"line":247,"column":1}},"52":{"start":{"line":189,"column":18},"end":{"line":189,"column":33}},"53":{"start":{"line":190,"column":15},"end":{"line":190,"column":36}},"54":{"start":{"line":192,"column":19},"end":{"line":192,"column":41}},"55":{"start":{"line":194,"column":2},"end":{"line":246,"column":5}},"56":{"start":{"line":195,"column":4},"end":{"line":242,"column":5}},"57":{"start":{"line":197,"column":8},"end":{"line":200,"column":9}},"58":{"start":{"line":198,"column":10},"end":{"line":198,"column":65}},"59":{"start":{"line":199,"column":10},"end":{"line":199,"column":26}},"60":{"start":{"line":201,"column":23},"end":{"line":201,"column":56}},"61":{"start":{"line":202,"column":8},"end":{"line":202,"column":53}},"62":{"start":{"line":203,"column":8},"end":{"line":203,"column":45}},"63":{"start":{"line":204,"column":8},"end":{"line":204,"column":14}},"64":{"start":{"line":207,"column":8},"end":{"line":210,"column":9}},"65":{"start":{"line":208,"column":10},"end":{"line":208,"column":74}},"66":{"start":{"line":209,"column":10},"end":{"line":209,"column":26}},"67":{"start":{"line":211,"column":27},"end":{"line":211,"column":46}},"68":{"start":{"line":212,"column":8},"end":{"line":212,"column":49}},"69":{"start":{"line":213,"column":8},"end":{"line":213,"column":40}},"70":{"start":{"line":214,"column":8},"end":{"line":214,"column":14}},"71":{"start":{"line":217,"column":24},"end":{"line":217,"column":54}},"72":{"start":{"line":218,"column":8},"end":{"line":218,"column":54}},"73":{"start":{"line":219,"column":8},"end":{"line":219,"column":14}},"74":{"start":{"line":222,"column":8},"end":{"line":222,"column":41}},"75":{"start":{"line":223,"column":8},"end":{"line":223,"column":44}},"76":{"start":{"line":224,"column":8},"end":{"line":224,"column":14}},"77":{"start":{"line":227,"column":8},"end":{"line":240,"column":11}},"78":{"start":{"line":241,"column":8},"end":{"line":241,"column":24}},"79":{"start":{"line":244,"column":4},"end":{"line":244,"column":43}},"80":{"start":{"line":245,"column":4},"end":{"line":245,"column":20}}},"fnMap":{"0":{"name":"(anonymous_0)","decl":{"start":{"line":20,"column":2},"end":{"line":20,"column":14}},"loc":{"start":{"line":20,"column":34},"end":{"line":22,"column":3}}},"1":{"name":"(anonymous_1)","decl":{"start":{"line":27,"column":2},"end":{"line":27,"column":7}},"loc":{"start":{"line":27,"column":34},"end":{"line":75,"column":3}}},"2":{"name":"(anonymous_2)","decl":{"start":{"line":43,"column":50},"end":{"line":43,"column":57}},"loc":{"start":{"line":44,"column":6},"end":{"line":44,"column":46}}},"3":{"name":"(anonymous_3)","decl":{"start":{"line":56,"column":52},"end":{"line":56,"column":59}},"loc":{"start":{"line":57,"column":6},"end":{"line":57,"column":46}}},"4":{"name":"(anonymous_4)","decl":{"start":{"line":80,"column":2},"end":{"line":80,"column":7}},"loc":{"start":{"line":80,"column":38},"end":{"line":89,"column":3}}},"5":{"name":"(anonymous_5)","decl":{"start":{"line":94,"column":2},"end":{"line":94,"column":7}},"loc":{"start":{"line":94,"column":64},"end":{"line":100,"column":3}}},"6":{"name":"(anonymous_6)","decl":{"start":{"line":105,"column":2},"end":{"line":105,"column":7}},"loc":{"start":{"line":105,"column":37},"end":{"line":121,"column":3}}},"7":{"name":"(anonymous_7)","decl":{"start":{"line":126,"column":2},"end":{"line":126,"column":7}},"loc":{"start":{"line":126,"column":36},"end":{"line":142,"column":3}}},"8":{"name":"(anonymous_8)","decl":{"start":{"line":147,"column":2},"end":{"line":147,"column":7}},"loc":{"start":{"line":147,"column":23},"end":{"line":153,"column":3}}},"9":{"name":"(anonymous_9)","decl":{"start":{"line":158,"column":2},"end":{"line":158,"column":7}},"loc":{"start":{"line":158,"column":21},"end":{"line":160,"column":3}}},"10":{"name":"(anonymous_10)","decl":{"start":{"line":165,"column":2},"end":{"line":165,"column":7}},"loc":{"start":{"line":165,"column":41},"end":{"line":180,"column":3}}},"11":{"name":"(anonymous_11)","decl":{"start":{"line":169,"column":58},"end":{"line":169,"column":64}},"loc":{"start":{"line":169,"column":68},"end":{"line":169,"column":82}}},"12":{"name":"(anonymous_12)","decl":{"start":{"line":194,"column":3},"end":{"line":194,"column":8}},"loc":{"start":{"line":194,"column":14},"end":{"line":243,"column":3}}},"13":{"name":"(anonymous_13)","decl":{"start":{"line":243,"column":13},"end":{"line":243,"column":18}},"loc":{"start":{"line":243,"column":21},"end":{"line":246,"column":3}}}},"branchMap":{"0":{"loc":{"start":{"line":31,"column":4},"end":{"line":37,"column":5}},"type":"if","locations":[{"start":{"line":31,"column":4},"end":{"line":37,"column":5}}]},"1":{"loc":{"start":{"line":47,"column":4},"end":{"line":53,"column":5}},"type":"if","locations":[{"start":{"line":47,"column":4},"end":{"line":53,"column":5}}]},"2":{"loc":{"start":{"line":60,"column":4},"end":{"line":66,"column":5}},"type":"if","locations":[{"start":{"line":60,"column":4},"end":{"line":66,"column":5}}]},"3":{"loc":{"start":{"line":108,"column":4},"end":{"line":115,"column":5}},"type":"if","locations":[{"start":{"line":108,"column":4},"end":{"line":115,"column":5}}]},"4":{"loc":{"start":{"line":117,"column":4},"end":{"line":120,"column":5}},"type":"if","locations":[{"start":{"line":117,"column":4},"end":{"line":120,"column":5}}]},"5":{"loc":{"start":{"line":129,"column":4},"end":{"line":136,"column":5}},"type":"if","locations":[{"start":{"line":129,"column":4},"end":{"line":136,"column":5}}]},"6":{"loc":{"start":{"line":138,"column":4},"end":{"line":141,"column":5}},"type":"if","locations":[{"start":{"line":138,"column":4},"end":{"line":141,"column":5}}]},"7":{"loc":{"start":{"line":171,"column":4},"end":{"line":177,"column":5}},"type":"if","locations":[{"start":{"line":171,"column":4},"end":{"line":177,"column":5}}]},"8":{"loc":{"start":{"line":173,"column":6},"end":{"line":176,"column":7}},"type":"if","locations":[{"start":{"line":173,"column":6},"end":{"line":176,"column":7}}]},"9":{"loc":{"start":{"line":185,"column":21},"end":{"line":187,"column":75}},"type":"binary-expr","locations":[{"start":{"line":185,"column":21},"end":{"line":185,"column":71}},{"start":{"line":186,"column":24},"end":{"line":186,"column":73}},{"start":{"line":187,"column":24},"end":{"line":187,"column":75}}]},"10":{"loc":{"start":{"line":188,"column":0},"end":{"line":247,"column":1}},"type":"if","locations":[{"start":{"line":188,"column":0},"end":{"line":247,"column":1}}]},"11":{"loc":{"start":{"line":195,"column":4},"end":{"line":242,"column":5}},"type":"switch","locations":[{"start":{"line":196,"column":6},"end":{"line":204,"column":14}},{"start":{"line":206,"column":6},"end":{"line":214,"column":14}},{"start":{"line":216,"column":6},"end":{"line":219,"column":14}},{"start":{"line":221,"column":6},"end":{"line":224,"column":14}},{"start":{"line":226,"column":6},"end":{"line":241,"column":24}}]},"12":{"loc":{"start":{"line":197,"column":8},"end":{"line":200,"column":9}},"type":"if","locations":[{"start":{"line":197,"column":8},"end":{"line":200,"column":9}}]},"13":{"loc":{"start":{"line":203,"column":21},"end":{"line":203,"column":43}},"type":"cond-expr","locations":[{"start":{"line":203,"column":38},"end":{"line":203,"column":39}},{"start":{"line":203,"column":42},"end":{"line":203,"column":43}}]},"14":{"loc":{"start":{"line":207,"column":8},"end":{"line":210,"column":9}},"type":"if","locations":[{"start":{"line":207,"column":8},"end":{"line":210,"column":9}}]}},"s":{"0":0,"1":0,"2":0,"3":0,"4":0,"5":0,"6":0,"7":0,"8":0,"9":0,"10":0,"11":0,"12":0,"13":0,"14":0,"15":0,"16":0,"17":0,"18":0,"19":0,"20":0,"21":0,"22":0,"23":0,"24":0,"25":0,"26":0,"27":0,"28":0,"29":0,"30":0,"31":0,"32":0,"33":0,"34":0,"35":0,"36":0,"37":0,"38":0,"39":0,"40":0,"41":0,"42":0,"43":0,"44":0,"45":0,"46":0,"47":0,"48":0,"49":0,"50":0,"51":0,"52":0,"53":0,"54":0,"55":0,"56":0,"57":0,"58":0,"59":0,"60":0,"61":0,"62":0,"63":0,"64":0,"65":0,"66":0,"67":0,"68":0,"69":0,"70":0,"71":0,"72":0,"73":0,"74":0,"75":0,"76":0,"77":0,"78":0,"79":0,"80":0},"f":{"0":0,"1":0,"2":0,"3":0,"4":0,"5":0,"6":0,"7":0,"8":0,"9":0,"10":0,"11":0,"12":0,"13":0},"b":{"0":[0],"1":[0],"2":[0],"3":[0],"4":[0],"5":[0],"6":[0],"7":[0],"8":[0],"9":[0,0,0],"10":[0],"11":[0,0,0,0,0],"12":[0],"13":[0,0],"14":[0]}}
,"/Users/sam/Documents/Sift/DeveloperTools/ClaudeCodePlugin/src/services/build-fix-service.ts": {"path":"/Users/sam/Documents/Sift/DeveloperTools/ClaudeCodePlugin/src/services/build-fix-service.ts","statementMap":{"0":{"start":{"line":14,"column":0},"end":{"line":14,"column":57}},"1":{"start":{"line":15,"column":0},"end":{"line":15,"column":51}},"2":{"start":{"line":16,"column":0},"end":{"line":16,"column":46}},"3":{"start":{"line":17,"column":0},"end":{"line":17,"column":28}},"4":{"start":{"line":53,"column":4},"end":{"line":53,"column":52}},"5":{"start":{"line":60,"column":20},"end":{"line":60,"column":61}},"6":{"start":{"line":62,"column":4},"end":{"line":62,"column":52}},"7":{"start":{"line":64,"column":19},"end":{"line":67,"column":6}},"8":{"start":{"line":69,"column":20},"end":{"line":69,"column":41}},"9":{"start":{"line":70,"column":19},"end":{"line":70,"column":93}},"10":{"start":{"line":72,"column":4},"end":{"line":78,"column":6}},"11":{"start":{"line":77,"column":29},"end":{"line":77,"column":47}},"12":{"start":{"line":85,"column":4},"end":{"line":93,"column":5}},"13":{"start":{"line":86,"column":22},"end":{"line":86,"column":60}},"14":{"start":{"line":87,"column":6},"end":{"line":90,"column":7}},"15":{"start":{"line":88,"column":20},"end":{"line":88,"column":62}},"16":{"start":{"line":89,"column":8},"end":{"line":89,"column":53}},"17":{"start":{"line":94,"column":4},"end":{"line":94,"column":27}},"18":{"start":{"line":101,"column":33},"end":{"line":101,"column":35}},"19":{"start":{"line":102,"column":18},"end":{"line":102,"column":41}},"20":{"start":{"line":105,"column":27},"end":{"line":105,"column":70}},"21":{"start":{"line":107,"column":28},"end":{"line":107,"column":67}},"22":{"start":{"line":109,"column":4},"end":{"line":125,"column":7}},"23":{"start":{"line":110,"column":18},"end":{"line":110,"column":44}},"24":{"start":{"line":111,"column":6},"end":{"line":113,"column":7}},"25":{"start":{"line":112,"column":8},"end":{"line":112,"column":44}},"26":{"start":{"line":115,"column":6},"end":{"line":124,"column":7}},"27":{"start":{"line":116,"column":8},"end":{"line":123,"column":11}},"28":{"start":{"line":128,"column":26},"end":{"line":128,"column":71}},"29":{"start":{"line":129,"column":4},"end":{"line":141,"column":7}},"30":{"start":{"line":130,"column":20},"end":{"line":130,"column":45}},"31":{"start":{"line":131,"column":6},"end":{"line":140,"column":7}},"32":{"start":{"line":132,"column":8},"end":{"line":139,"column":11}},"33":{"start":{"line":143,"column":4},"end":{"line":143,"column":18}},"34":{"start":{"line":150,"column":23},"end":{"line":150,"column":83}},"35":{"start":{"line":151,"column":25},"end":{"line":151,"column":85}},"36":{"start":{"line":152,"column":25},"end":{"line":152,"column":49}},"37":{"start":{"line":153,"column":25},"end":{"line":153,"column":49}},"38":{"start":{"line":155,"column":4},"end":{"line":155,"column":49}},"39":{"start":{"line":155,"column":35},"end":{"line":155,"column":49}},"40":{"start":{"line":156,"column":4},"end":{"line":156,"column":53}},"41":{"start":{"line":156,"column":37},"end":{"line":156,"column":53}},"42":{"start":{"line":157,"column":4},"end":{"line":157,"column":53}},"43":{"start":{"line":157,"column":37},"end":{"line":157,"column":53}},"44":{"start":{"line":158,"column":4},"end":{"line":158,"column":53}},"45":{"start":{"line":158,"column":37},"end":{"line":158,"column":53}},"46":{"start":{"line":159,"column":4},"end":{"line":159,"column":21}},"47":{"start":{"line":166,"column":23},"end":{"line":166,"column":51}},"48":{"start":{"line":167,"column":20},"end":{"line":167,"column":42}},"49":{"start":{"line":168,"column":21},"end":{"line":168,"column":44}},"50":{"start":{"line":170,"column":4},"end":{"line":175,"column":6}},"51":{"start":{"line":182,"column":48},"end":{"line":213,"column":6}},"52":{"start":{"line":215,"column":4},"end":{"line":217,"column":5}},"53":{"start":{"line":216,"column":6},"end":{"line":216,"column":53}},"54":{"start":{"line":220,"column":4},"end":{"line":231,"column":5}},"55":{"start":{"line":222,"column":8},"end":{"line":222,"column":84}},"56":{"start":{"line":224,"column":8},"end":{"line":224,"column":97}},"57":{"start":{"line":226,"column":8},"end":{"line":226,"column":93}},"58":{"start":{"line":228,"column":8},"end":{"line":228,"column":93}},"59":{"start":{"line":230,"column":8},"end":{"line":230,"column":96}},"60":{"start":{"line":238,"column":42},"end":{"line":245,"column":6}},"61":{"start":{"line":247,"column":4},"end":{"line":247,"column":29}},"62":{"start":{"line":254,"column":4},"end":{"line":256,"column":5}},"63":{"start":{"line":255,"column":6},"end":{"line":255,"column":20}},"64":{"start":{"line":257,"column":4},"end":{"line":259,"column":5}},"65":{"start":{"line":258,"column":6},"end":{"line":258,"column":22}},"66":{"start":{"line":260,"column":4},"end":{"line":260,"column":17}},"67":{"start":{"line":267,"column":4},"end":{"line":270,"column":5}},"68":{"start":{"line":268,"column":6},"end":{"line":268,"column":43}},"69":{"start":{"line":269,"column":6},"end":{"line":269,"column":13}},"70":{"start":{"line":272,"column":4},"end":{"line":272,"column":72}},"71":{"start":{"line":274,"column":4},"end":{"line":278,"column":5}},"72":{"start":{"line":275,"column":6},"end":{"line":275,"column":37}},"73":{"start":{"line":276,"column":6},"end":{"line":276,"column":33}},"74":{"start":{"line":277,"column":6},"end":{"line":277,"column":13}},"75":{"start":{"line":281,"column":56},"end":{"line":285,"column":6}},"76":{"start":{"line":287,"column":4},"end":{"line":289,"column":7}},"77":{"start":{"line":288,"column":6},"end":{"line":288,"column":41}},"78":{"start":{"line":292,"column":4},"end":{"line":295,"column":5}},"79":{"start":{"line":293,"column":6},"end":{"line":293,"column":41}},"80":{"start":{"line":294,"column":6},"end":{"line":294,"column":59}},"81":{"start":{"line":294,"column":37},"end":{"line":294,"column":57}},"82":{"start":{"line":297,"column":4},"end":{"line":300,"column":5}},"83":{"start":{"line":298,"column":6},"end":{"line":298,"column":43}},"84":{"start":{"line":299,"column":6},"end":{"line":299,"column":61}},"85":{"start":{"line":299,"column":39},"end":{"line":299,"column":59}},"86":{"start":{"line":302,"column":4},"end":{"line":305,"column":5}},"87":{"start":{"line":303,"column":6},"end":{"line":303,"column":40}},"88":{"start":{"line":304,"column":6},"end":{"line":304,"column":58}},"89":{"start":{"line":304,"column":36},"end":{"line":304,"column":56}},"90":{"start":{"line":312,"column":44},"end":{"line":312,"column":47}},"91":{"start":{"line":313,"column":4},"end":{"line":313,"column":65}},"92":{"start":{"line":314,"column":4},"end":{"line":314,"column":40}},"93":{"start":{"line":315,"column":4},"end":{"line":315,"column":40}},"94":{"start":{"line":316,"column":4},"end":{"line":318,"column":5}},"95":{"start":{"line":317,"column":6},"end":{"line":317,"column":67}},"96":{"start":{"line":319,"column":4},"end":{"line":319,"column":20}},"97":{"start":{"line":326,"column":4},"end":{"line":326,"column":66}},"98":{"start":{"line":326,"column":40},"end":{"line":326,"column":53}},"99":{"start":{"line":333,"column":19},"end":{"line":333,"column":60}},"100":{"start":{"line":335,"column":4},"end":{"line":335,"column":56}},"101":{"start":{"line":337,"column":4},"end":{"line":340,"column":7}},"102":{"start":{"line":338,"column":18},"end":{"line":338,"column":40}},"103":{"start":{"line":339,"column":6},"end":{"line":339,"column":27}},"104":{"start":{"line":347,"column":20},"end":{"line":347,"column":41}},"105":{"start":{"line":348,"column":20},"end":{"line":348,"column":35}},"106":{"start":{"line":350,"column":4},"end":{"line":421,"column":5}},"107":{"start":{"line":352,"column":29},"end":{"line":352,"column":44}},"108":{"start":{"line":353,"column":23},"end":{"line":353,"column":59}},"109":{"start":{"line":354,"column":8},"end":{"line":354,"column":39}},"110":{"start":{"line":355,"column":8},"end":{"line":355,"column":50}},"111":{"start":{"line":360,"column":27},"end":{"line":360,"column":42}},"112":{"start":{"line":361,"column":8},"end":{"line":367,"column":9}},"113":{"start":{"line":362,"column":25},"end":{"line":362,"column":61}},"114":{"start":{"line":363,"column":10},"end":{"line":363,"column":46}},"115":{"start":{"line":365,"column":10},"end":{"line":365,"column":74}},"116":{"start":{"line":366,"column":10},"end":{"line":366,"column":31}},"117":{"start":{"line":368,"column":8},"end":{"line":368,"column":14}},"118":{"start":{"line":373,"column":21},"end":{"line":373,"column":50}},"119":{"start":{"line":374,"column":8},"end":{"line":377,"column":9}},"120":{"start":{"line":375,"column":10},"end":{"line":375,"column":71}},"121":{"start":{"line":376,"column":10},"end":{"line":376,"column":31}},"122":{"start":{"line":379,"column":34},"end":{"line":386,"column":10}},"123":{"start":{"line":388,"column":20},"end":{"line":388,"column":45}},"124":{"start":{"line":389,"column":8},"end":{"line":389,"column":62}},"125":{"start":{"line":390,"column":8},"end":{"line":390,"column":14}},"126":{"start":{"line":394,"column":8},"end":{"line":419,"column":11}},"127":{"start":{"line":420,"column":8},"end":{"line":420,"column":29}},"128":{"start":{"line":49,"column":0},"end":{"line":49,"column":13}},"129":{"start":{"line":426,"column":0},"end":{"line":431,"column":1}},"130":{"start":{"line":427,"column":2},"end":{"line":430,"column":5}},"131":{"start":{"line":428,"column":4},"end":{"line":428,"column":43}},"132":{"start":{"line":429,"column":4},"end":{"line":429,"column":25}}},"fnMap":{"0":{"name":"(anonymous_0)","decl":{"start":{"line":52,"column":2},"end":{"line":52,"column":14}},"loc":{"start":{"line":52,"column":34},"end":{"line":54,"column":3}}},"1":{"name":"(anonymous_1)","decl":{"start":{"line":59,"column":2},"end":{"line":59,"column":7}},"loc":{"start":{"line":59,"column":38},"end":{"line":79,"column":3}}},"2":{"name":"(anonymous_2)","decl":{"start":{"line":77,"column":24},"end":{"line":77,"column":25}},"loc":{"start":{"line":77,"column":29},"end":{"line":77,"column":47}}},"3":{"name":"(anonymous_3)","decl":{"start":{"line":84,"column":10},"end":{"line":84,"column":28}},"loc":{"start":{"line":84,"column":28},"end":{"line":95,"column":3}}},"4":{"name":"(anonymous_4)","decl":{"start":{"line":100,"column":2},"end":{"line":100,"column":7}},"loc":{"start":{"line":100,"column":45},"end":{"line":144,"column":3}}},"5":{"name":"(anonymous_5)","decl":{"start":{"line":109,"column":18},"end":{"line":109,"column":22}},"loc":{"start":{"line":109,"column":25},"end":{"line":125,"column":5}}},"6":{"name":"(anonymous_6)","decl":{"start":{"line":129,"column":18},"end":{"line":129,"column":22}},"loc":{"start":{"line":129,"column":25},"end":{"line":141,"column":5}}},"7":{"name":"(anonymous_7)","decl":{"start":{"line":149,"column":10},"end":{"line":149,"column":25}},"loc":{"start":{"line":149,"column":38},"end":{"line":160,"column":3}}},"8":{"name":"(anonymous_8)","decl":{"start":{"line":165,"column":2},"end":{"line":165,"column":12}},"loc":{"start":{"line":165,"column":30},"end":{"line":176,"column":3}}},"9":{"name":"(anonymous_9)","decl":{"start":{"line":181,"column":10},"end":{"line":181,"column":26}},"loc":{"start":{"line":181,"column":44},"end":{"line":232,"column":3}}},"10":{"name":"(anonymous_10)","decl":{"start":{"line":237,"column":10},"end":{"line":237,"column":20}},"loc":{"start":{"line":237,"column":38},"end":{"line":248,"column":3}}},"11":{"name":"(anonymous_11)","decl":{"start":{"line":253,"column":10},"end":{"line":253,"column":21}},"loc":{"start":{"line":253,"column":39},"end":{"line":261,"column":3}}},"12":{"name":"(anonymous_12)","decl":{"start":{"line":266,"column":2},"end":{"line":266,"column":16}},"loc":{"start":{"line":266,"column":36},"end":{"line":306,"column":3}}},"13":{"name":"(anonymous_13)","decl":{"start":{"line":287,"column":25},"end":{"line":287,"column":28}},"loc":{"start":{"line":287,"column":31},"end":{"line":289,"column":5}}},"14":{"name":"(anonymous_14)","decl":{"start":{"line":294,"column":30},"end":{"line":294,"column":33}},"loc":{"start":{"line":294,"column":37},"end":{"line":294,"column":57}}},"15":{"name":"(anonymous_15)","decl":{"start":{"line":299,"column":32},"end":{"line":299,"column":35}},"loc":{"start":{"line":299,"column":39},"end":{"line":299,"column":59}}},"16":{"name":"(anonymous_16)","decl":{"start":{"line":304,"column":29},"end":{"line":304,"column":32}},"loc":{"start":{"line":304,"column":36},"end":{"line":304,"column":56}}},"17":{"name":"(anonymous_17)","decl":{"start":{"line":311,"column":10},"end":{"line":311,"column":20}},"loc":{"start":{"line":311,"column":39},"end":{"line":320,"column":3}}},"18":{"name":"(anonymous_18)","decl":{"start":{"line":325,"column":10},"end":{"line":325,"column":16}},"loc":{"start":{"line":325,"column":45},"end":{"line":327,"column":3}}},"19":{"name":"(anonymous_19)","decl":{"start":{"line":326,"column":32},"end":{"line":326,"column":36}},"loc":{"start":{"line":326,"column":40},"end":{"line":326,"column":53}}},"20":{"name":"(anonymous_20)","decl":{"start":{"line":332,"column":2},"end":{"line":332,"column":7}},"loc":{"start":{"line":332,"column":41},"end":{"line":341,"column":3}}},"21":{"name":"(anonymous_21)","decl":{"start":{"line":337,"column":19},"end":{"line":337,"column":24}},"loc":{"start":{"line":337,"column":27},"end":{"line":340,"column":5}}},"22":{"name":"(anonymous_22)","decl":{"start":{"line":346,"column":2},"end":{"line":346,"column":8}},"loc":{"start":{"line":346,"column":19},"end":{"line":422,"column":3}}},"23":{"name":"(anonymous_23)","decl":{"start":{"line":427,"column":31},"end":{"line":427,"column":36}},"loc":{"start":{"line":427,"column":39},"end":{"line":430,"column":3}}}},"branchMap":{"0":{"loc":{"start":{"line":53,"column":23},"end":{"line":53,"column":51}},"type":"binary-expr","locations":[{"start":{"line":53,"column":23},"end":{"line":53,"column":34}},{"start":{"line":53,"column":38},"end":{"line":53,"column":51}}]},"1":{"loc":{"start":{"line":60,"column":20},"end":{"line":60,"column":61}},"type":"binary-expr","locations":[{"start":{"line":60,"column":20},"end":{"line":60,"column":32}},{"start":{"line":60,"column":36},"end":{"line":60,"column":61}}]},"2":{"loc":{"start":{"line":70,"column":19},"end":{"line":70,"column":93}},"type":"cond-expr","locations":[{"start":{"line":70,"column":29},"end":{"line":70,"column":31}},{"start":{"line":70,"column":34},"end":{"line":70,"column":93}}]},"3":{"loc":{"start":{"line":87,"column":6},"end":{"line":90,"column":7}},"type":"if","locations":[{"start":{"line":87,"column":6},"end":{"line":90,"column":7}}]},"4":{"loc":{"start":{"line":89,"column":15},"end":{"line":89,"column":52}},"type":"binary-expr","locations":[{"start":{"line":89,"column":15},"end":{"line":89,"column":33}},{"start":{"line":89,"column":37},"end":{"line":89,"column":52}}]},"5":{"loc":{"start":{"line":111,"column":6},"end":{"line":113,"column":7}},"type":"if","locations":[{"start":{"line":111,"column":6},"end":{"line":113,"column":7}}]},"6":{"loc":{"start":{"line":115,"column":6},"end":{"line":124,"column":7}},"type":"if","locations":[{"start":{"line":115,"column":6},"end":{"line":124,"column":7}}]},"7":{"loc":{"start":{"line":131,"column":6},"end":{"line":140,"column":7}},"type":"if","locations":[{"start":{"line":131,"column":6},"end":{"line":140,"column":7}}]},"8":{"loc":{"start":{"line":131,"column":10},"end":{"line":131,"column":39}},"type":"binary-expr","locations":[{"start":{"line":131,"column":10},"end":{"line":131,"column":15}},{"start":{"line":131,"column":19},"end":{"line":131,"column":39}}]},"9":{"loc":{"start":{"line":155,"column":4},"end":{"line":155,"column":49}},"type":"if","locations":[{"start":{"line":155,"column":4},"end":{"line":155,"column":49}}]},"10":{"loc":{"start":{"line":156,"column":4},"end":{"line":156,"column":53}},"type":"if","locations":[{"start":{"line":156,"column":4},"end":{"line":156,"column":53}}]},"11":{"loc":{"start":{"line":157,"column":4},"end":{"line":157,"column":53}},"type":"if","locations":[{"start":{"line":157,"column":4},"end":{"line":157,"column":53}}]},"12":{"loc":{"start":{"line":158,"column":4},"end":{"line":158,"column":53}},"type":"if","locations":[{"start":{"line":158,"column":4},"end":{"line":158,"column":53}}]},"13":{"loc":{"start":{"line":215,"column":4},"end":{"line":217,"column":5}},"type":"if","locations":[{"start":{"line":215,"column":4},"end":{"line":217,"column":5}}]},"14":{"loc":{"start":{"line":215,"column":8},"end":{"line":215,"column":49}},"type":"binary-expr","locations":[{"start":{"line":215,"column":8},"end":{"line":215,"column":22}},{"start":{"line":215,"column":26},"end":{"line":215,"column":49}}]},"15":{"loc":{"start":{"line":220,"column":4},"end":{"line":231,"column":5}},"type":"switch","locations":[{"start":{"line":221,"column":6},"end":{"line":222,"column":84}},{"start":{"line":223,"column":6},"end":{"line":224,"column":97}},{"start":{"line":225,"column":6},"end":{"line":226,"column":93}},{"start":{"line":227,"column":6},"end":{"line":228,"column":93}},{"start":{"line":229,"column":6},"end":{"line":230,"column":96}}]},"16":{"loc":{"start":{"line":254,"column":4},"end":{"line":256,"column":5}},"type":"if","locations":[{"start":{"line":254,"column":4},"end":{"line":256,"column":5}}]},"17":{"loc":{"start":{"line":254,"column":8},"end":{"line":254,"column":66}},"type":"binary-expr","locations":[{"start":{"line":254,"column":8},"end":{"line":254,"column":35}},{"start":{"line":254,"column":39},"end":{"line":254,"column":66}}]},"18":{"loc":{"start":{"line":257,"column":4},"end":{"line":259,"column":5}},"type":"if","locations":[{"start":{"line":257,"column":4},"end":{"line":259,"column":5}}]},"19":{"loc":{"start":{"line":267,"column":4},"end":{"line":270,"column":5}},"type":"if","locations":[{"start":{"line":267,"column":4},"end":{"line":270,"column":5}}]},"20":{"loc":{"start":{"line":274,"column":4},"end":{"line":278,"column":5}},"type":"if","locations":[{"start":{"line":274,"column":4},"end":{"line":278,"column":5}}]},"21":{"loc":{"start":{"line":292,"column":4},"end":{"line":295,"column":5}},"type":"if","locations":[{"start":{"line":292,"column":4},"end":{"line":295,"column":5}}]},"22":{"loc":{"start":{"line":297,"column":4},"end":{"line":300,"column":5}},"type":"if","locations":[{"start":{"line":297,"column":4},"end":{"line":300,"column":5}}]},"23":{"loc":{"start":{"line":302,"column":4},"end":{"line":305,"column":5}},"type":"if","locations":[{"start":{"line":302,"column":4},"end":{"line":305,"column":5}}]},"24":{"loc":{"start":{"line":316,"column":4},"end":{"line":318,"column":5}},"type":"if","locations":[{"start":{"line":316,"column":4},"end":{"line":318,"column":5}}]},"25":{"loc":{"start":{"line":350,"column":4},"end":{"line":421,"column":5}},"type":"switch","locations":[{"start":{"line":351,"column":6},"end":{"line":356,"column":7}},{"start":{"line":358,"column":6},"end":{"line":369,"column":7}},{"start":{"line":371,"column":6},"end":{"line":391,"column":7}},{"start":{"line":393,"column":6},"end":{"line":420,"column":29}}]},"26":{"loc":{"start":{"line":355,"column":26},"end":{"line":355,"column":48}},"type":"cond-expr","locations":[{"start":{"line":355,"column":43},"end":{"line":355,"column":44}},{"start":{"line":355,"column":47},"end":{"line":355,"column":48}}]},"27":{"loc":{"start":{"line":361,"column":8},"end":{"line":367,"column":9}},"type":"if","locations":[{"start":{"line":361,"column":8},"end":{"line":367,"column":9}},{"start":{"line":364,"column":15},"end":{"line":367,"column":9}}]},"28":{"loc":{"start":{"line":374,"column":8},"end":{"line":377,"column":9}},"type":"if","locations":[{"start":{"line":374,"column":8},"end":{"line":377,"column":9}}]},"29":{"loc":{"start":{"line":426,"column":0},"end":{"line":431,"column":1}},"type":"if","locations":[{"start":{"line":426,"column":0},"end":{"line":431,"column":1}}]}},"s":{"0":0,"1":0,"2":0,"3":0,"4":0,"5":0,"6":0,"7":0,"8":0,"9":0,"10":0,"11":0,"12":0,"13":0,"14":0,"15":0,"16":0,"17":0,"18":0,"19":0,"20":0,"21":0,"22":0,"23":0,"24":0,"25":0,"26":0,"27":0,"28":0,"29":0,"30":0,"31":0,"32":0,"33":0,"34":0,"35":0,"36":0,"37":0,"38":0,"39":0,"40":0,"41":0,"42":0,"43":0,"44":0,"45":0,"46":0,"47":0,"48":0,"49":0,"50":0,"51":0,"52":0,"53":0,"54":0,"55":0,"56":0,"57":0,"58":0,"59":0,"60":0,"61":0,"62":0,"63":0,"64":0,"65":0,"66":0,"67":0,"68":0,"69":0,"70":0,"71":0,"72":0,"73":0,"74":0,"75":0,"76":0,"77":0,"78":0,"79":0,"80":0,"81":0,"82":0,"83":0,"84":0,"85":0,"86":0,"87":0,"88":0,"89":0,"90":0,"91":0,"92":0,"93":0,"94":0,"95":0,"96":0,"97":0,"98":0,"99":0,"100":0,"101":0,"102":0,"103":0,"104":0,"105":0,"106":0,"107":0,"108":0,"109":0,"110":0,"111":0,"112":0,"113":0,"114":0,"115":0,"116":0,"117":0,"118":0,"119":0,"120":0,"121":0,"122":0,"123":0,"124":0,"125":0,"126":0,"127":0,"128":0,"129":0,"130":0,"131":0,"132":0},"f":{"0":0,"1":0,"2":0,"3":0,"4":0,"5":0,"6":0,"7":0,"8":0,"9":0,"10":0,"11":0,"12":0,"13":0,"14":0,"15":0,"16":0,"17":0,"18":0,"19":0,"20":0,"21":0,"22":0,"23":0},"b":{"0":[0,0],"1":[0,0],"2":[0,0],"3":[0],"4":[0,0],"5":[0],"6":[0],"7":[0],"8":[0,0],"9":[0],"10":[0],"11":[0],"12":[0],"13":[0],"14":[0,0],"15":[0,0,0,0,0],"16":[0],"17":[0,0],"18":[0],"19":[0],"20":[0],"21":[0],"22":[0],"23":[0],"24":[0],"25":[0,0,0,0],"26":[0,0],"27":[0,0],"28":[0],"29":[0]}}
,"/Users/sam/Documents/Sift/DeveloperTools/ClaudeCodePlugin/src/services/doc-service.ts": {"path":"/Users/sam/Documents/Sift/DeveloperTools/ClaudeCodePlugin/src/services/doc-service.ts","statementMap":{"0":{"start":{"line":14,"column":0},"end":{"line":14,"column":51}},"1":{"start":{"line":15,"column":0},"end":{"line":15,"column":57}},"2":{"start":{"line":16,"column":0},"end":{"line":16,"column":46}},"3":{"start":{"line":17,"column":0},"end":{"line":17,"column":47}},"4":{"start":{"line":18,"column":0},"end":{"line":18,"column":28}},"5":{"start":{"line":52,"column":4},"end":{"line":52,"column":52}},"6":{"start":{"line":53,"column":4},"end":{"line":58,"column":6}},"7":{"start":{"line":65,"column":4},"end":{"line":65,"column":54}},"8":{"start":{"line":67,"column":4},"end":{"line":67,"column":73}},"9":{"start":{"line":70,"column":4},"end":{"line":70,"column":42}},"10":{"start":{"line":71,"column":4},"end":{"line":71,"column":33}},"11":{"start":{"line":72,"column":4},"end":{"line":72,"column":42}},"12":{"start":{"line":74,"column":4},"end":{"line":76,"column":5}},"13":{"start":{"line":75,"column":6},"end":{"line":75,"column":34}},"14":{"start":{"line":78,"column":4},"end":{"line":78,"column":62}},"15":{"start":{"line":85,"column":4},"end":{"line":85,"column":55}},"16":{"start":{"line":87,"column":4},"end":{"line":87,"column":36}},"17":{"start":{"line":88,"column":20},"end":{"line":88,"column":47}},"18":{"start":{"line":89,"column":18},"end":{"line":89,"column":56}},"19":{"start":{"line":91,"column":20},"end":{"line":126,"column":2}},"20":{"start":{"line":128,"column":23},"end":{"line":128,"column":87}},"21":{"start":{"line":129,"column":4},"end":{"line":129,"column":58}},"22":{"start":{"line":130,"column":4},"end":{"line":130,"column":67}},"23":{"start":{"line":137,"column":4},"end":{"line":149,"column":5}},"24":{"start":{"line":138,"column":22},"end":{"line":138,"column":60}},"25":{"start":{"line":139,"column":6},"end":{"line":146,"column":7}},"26":{"start":{"line":140,"column":20},"end":{"line":140,"column":62}},"27":{"start":{"line":141,"column":8},"end":{"line":145,"column":2}},"28":{"start":{"line":150,"column":4},"end":{"line":150,"column":16}},"29":{"start":{"line":157,"column":4},"end":{"line":174,"column":5}},"30":{"start":{"line":158,"column":22},"end":{"line":158,"column":60}},"31":{"start":{"line":159,"column":6},"end":{"line":171,"column":7}},"32":{"start":{"line":160,"column":20},"end":{"line":160,"column":62}},"33":{"start":{"line":161,"column":24},"end":{"line":161,"column":41}},"34":{"start":{"line":163,"column":21},"end":{"line":163,"column":49}},"35":{"start":{"line":164,"column":8},"end":{"line":164,"column":47}},"36":{"start":{"line":166,"column":8},"end":{"line":168,"column":11}},"37":{"start":{"line":167,"column":10},"end":{"line":167,"column":65}},"38":{"start":{"line":170,"column":8},"end":{"line":170,"column":22}},"39":{"start":{"line":175,"column":4},"end":{"line":175,"column":48}},"40":{"start":{"line":182,"column":27},"end":{"line":182,"column":77}},"41":{"start":{"line":184,"column":23},"end":{"line":184,"column":46}},"42":{"start":{"line":185,"column":4},"end":{"line":185,"column":46}},"43":{"start":{"line":186,"column":4},"end":{"line":186,"column":32}},"44":{"start":{"line":188,"column":4},"end":{"line":188,"column":36}},"45":{"start":{"line":189,"column":4},"end":{"line":189,"column":32}},"46":{"start":{"line":190,"column":4},"end":{"line":190,"column":43}},"47":{"start":{"line":191,"column":4},"end":{"line":191,"column":45}},"48":{"start":{"line":192,"column":4},"end":{"line":192,"column":43}},"49":{"start":{"line":194,"column":4},"end":{"line":197,"column":5}},"50":{"start":{"line":195,"column":6},"end":{"line":195,"column":49}},"51":{"start":{"line":196,"column":6},"end":{"line":196,"column":40}},"52":{"start":{"line":199,"column":4},"end":{"line":199,"column":44}},"53":{"start":{"line":200,"column":4},"end":{"line":200,"column":36}},"54":{"start":{"line":201,"column":4},"end":{"line":201,"column":28}},"55":{"start":{"line":203,"column":4},"end":{"line":203,"column":24}},"56":{"start":{"line":210,"column":4},"end":{"line":221,"column":2}},"57":{"start":{"line":228,"column":4},"end":{"line":228,"column":45}},"58":{"start":{"line":230,"column":24},"end":{"line":230,"column":56}},"59":{"start":{"line":231,"column":28},"end":{"line":231,"column":64}},"60":{"start":{"line":233,"column":20},"end":{"line":262,"column":2}},"61":{"start":{"line":264,"column":23},"end":{"line":264,"column":82}},"62":{"start":{"line":265,"column":4},"end":{"line":265,"column":58}},"63":{"start":{"line":266,"column":4},"end":{"line":266,"column":67}},"64":{"start":{"line":273,"column":4},"end":{"line":311,"column":2}},"65":{"start":{"line":318,"column":4},"end":{"line":338,"column":2}},"66":{"start":{"line":345,"column":4},"end":{"line":345,"column":55}},"67":{"start":{"line":348,"column":20},"end":{"line":348,"column":47}},"68":{"start":{"line":350,"column":20},"end":{"line":364,"column":2}},"69":{"start":{"line":366,"column":23},"end":{"line":366,"column":78}},"70":{"start":{"line":367,"column":4},"end":{"line":367,"column":58}},"71":{"start":{"line":368,"column":4},"end":{"line":368,"column":67}},"72":{"start":{"line":375,"column":18},"end":{"line":378,"column":6}},"73":{"start":{"line":380,"column":17},"end":{"line":380,"column":19}},"74":{"start":{"line":382,"column":4},"end":{"line":402,"column":5}},"75":{"start":{"line":383,"column":6},"end":{"line":401,"column":7}},"76":{"start":{"line":384,"column":24},"end":{"line":384,"column":58}},"77":{"start":{"line":387,"column":24},"end":{"line":387,"column":62}},"78":{"start":{"line":389,"column":8},"end":{"line":398,"column":9}},"79":{"start":{"line":390,"column":10},"end":{"line":390,"column":44}},"80":{"start":{"line":391,"column":10},"end":{"line":397,"column":13}},"81":{"start":{"line":392,"column":12},"end":{"line":392,"column":49}},"82":{"start":{"line":393,"column":12},"end":{"line":395,"column":13}},"83":{"start":{"line":394,"column":14},"end":{"line":394,"column":45}},"84":{"start":{"line":396,"column":12},"end":{"line":396,"column":50}},"85":{"start":{"line":404,"column":4},"end":{"line":404,"column":53}},"86":{"start":{"line":411,"column":77},"end":{"line":411,"column":79}},"87":{"start":{"line":414,"column":25},"end":{"line":414,"column":68}},"88":{"start":{"line":415,"column":4},"end":{"line":417,"column":5}},"89":{"start":{"line":416,"column":6},"end":{"line":416,"column":54}},"90":{"start":{"line":420,"column":24},"end":{"line":420,"column":83}},"91":{"start":{"line":421,"column":4},"end":{"line":423,"column":5}},"92":{"start":{"line":422,"column":6},"end":{"line":422,"column":57}},"93":{"start":{"line":426,"column":25},"end":{"line":426,"column":68}},"94":{"start":{"line":427,"column":4},"end":{"line":429,"column":5}},"95":{"start":{"line":428,"column":6},"end":{"line":428,"column":54}},"96":{"start":{"line":431,"column":4},"end":{"line":431,"column":19}},"97":{"start":{"line":438,"column":4},"end":{"line":438,"column":46}},"98":{"start":{"line":440,"column":24},"end":{"line":440,"column":81}},"99":{"start":{"line":441,"column":4},"end":{"line":441,"column":39}},"100":{"start":{"line":444,"column":18},"end":{"line":444,"column":46}},"101":{"start":{"line":445,"column":25},"end":{"line":445,"column":65}},"102":{"start":{"line":448,"column":4},"end":{"line":448,"column":62}},"103":{"start":{"line":449,"column":4},"end":{"line":449,"column":66}},"104":{"start":{"line":450,"column":4},"end":{"line":450,"column":64}},"105":{"start":{"line":452,"column":4},"end":{"line":452,"column":44}},"106":{"start":{"line":459,"column":18},"end":{"line":459,"column":45}},"107":{"start":{"line":460,"column":24},"end":{"line":463,"column":6}},"108":{"start":{"line":465,"column":4},"end":{"line":481,"column":5}},"109":{"start":{"line":466,"column":23},"end":{"line":466,"column":51}},"110":{"start":{"line":467,"column":6},"end":{"line":480,"column":7}},"111":{"start":{"line":468,"column":24},"end":{"line":468,"column":58}},"112":{"start":{"line":469,"column":22},"end":{"line":469,"column":48}},"113":{"start":{"line":471,"column":8},"end":{"line":477,"column":11}},"114":{"start":{"line":476,"column":63},"end":{"line":476,"column":69}},"115":{"start":{"line":483,"column":4},"end":{"line":483,"column":17}},"116":{"start":{"line":490,"column":30},"end":{"line":490,"column":32}},"117":{"start":{"line":491,"column":20},"end":{"line":491,"column":79}},"118":{"start":{"line":493,"column":4},"end":{"line":495,"column":5}},"119":{"start":{"line":494,"column":6},"end":{"line":494,"column":29}},"120":{"start":{"line":497,"column":4},"end":{"line":497,"column":19}},"121":{"start":{"line":504,"column":18},"end":{"line":504,"column":53}},"122":{"start":{"line":506,"column":4},"end":{"line":517,"column":7}},"123":{"start":{"line":507,"column":19},"end":{"line":507,"column":76}},"124":{"start":{"line":509,"column":6},"end":{"line":516,"column":9}},"125":{"start":{"line":514,"column":49},"end":{"line":514,"column":68}},"126":{"start":{"line":520,"column":4},"end":{"line":527,"column":7}},"127":{"start":{"line":521,"column":6},"end":{"line":526,"column":9}},"128":{"start":{"line":522,"column":28},"end":{"line":522,"column":61}},"129":{"start":{"line":523,"column":8},"end":{"line":525,"column":9}},"130":{"start":{"line":524,"column":10},"end":{"line":524,"column":56}},"131":{"start":{"line":529,"column":4},"end":{"line":529,"column":17}},"132":{"start":{"line":536,"column":4},"end":{"line":536,"column":54}},"133":{"start":{"line":536,"column":37},"end":{"line":536,"column":54}},"134":{"start":{"line":537,"column":4},"end":{"line":537,"column":58}},"135":{"start":{"line":537,"column":39},"end":{"line":537,"column":58}},"136":{"start":{"line":538,"column":4},"end":{"line":538,"column":51}},"137":{"start":{"line":538,"column":34},"end":{"line":538,"column":51}},"138":{"start":{"line":539,"column":4},"end":{"line":539,"column":20}},"139":{"start":{"line":546,"column":20},"end":{"line":546,"column":37}},"140":{"start":{"line":547,"column":21},"end":{"line":547,"column":46}},"141":{"start":{"line":548,"column":4},"end":{"line":548,"column":71}},"142":{"start":{"line":555,"column":21},"end":{"line":555,"column":88}},"143":{"start":{"line":555,"column":67},"end":{"line":555,"column":87}},"144":{"start":{"line":557,"column":18},"end":{"line":557,"column":46}},"145":{"start":{"line":558,"column":4},"end":{"line":558,"column":33}},"146":{"start":{"line":560,"column":4},"end":{"line":565,"column":7}},"147":{"start":{"line":561,"column":6},"end":{"line":561,"column":43}},"148":{"start":{"line":562,"column":6},"end":{"line":562,"column":53}},"149":{"start":{"line":563,"column":6},"end":{"line":563,"column":70}},"150":{"start":{"line":564,"column":6},"end":{"line":564,"column":68}},"151":{"start":{"line":567,"column":4},"end":{"line":567,"column":71}},"152":{"start":{"line":574,"column":18},"end":{"line":574,"column":42}},"153":{"start":{"line":575,"column":4},"end":{"line":575,"column":40}},"154":{"start":{"line":577,"column":4},"end":{"line":581,"column":7}},"155":{"start":{"line":578,"column":6},"end":{"line":580,"column":9}},"156":{"start":{"line":579,"column":8},"end":{"line":579,"column":87}},"157":{"start":{"line":583,"column":4},"end":{"line":583,"column":23}},"158":{"start":{"line":584,"column":4},"end":{"line":584,"column":75}},"159":{"start":{"line":591,"column":23},"end":{"line":591,"column":92}},"160":{"start":{"line":591,"column":69},"end":{"line":591,"column":91}},"161":{"start":{"line":593,"column":18},"end":{"line":593,"column":40}},"162":{"start":{"line":595,"column":4},"end":{"line":600,"column":7}},"163":{"start":{"line":596,"column":6},"end":{"line":596,"column":41}},"164":{"start":{"line":597,"column":6},"end":{"line":599,"column":9}},"165":{"start":{"line":598,"column":8},"end":{"line":598,"column":34}},"166":{"start":{"line":602,"column":4},"end":{"line":602,"column":73}},"167":{"start":{"line":609,"column":20},"end":{"line":609,"column":36}},"168":{"start":{"line":610,"column":20},"end":{"line":610,"column":35}},"169":{"start":{"line":612,"column":4},"end":{"line":657,"column":5}},"170":{"start":{"line":614,"column":8},"end":{"line":614,"column":37}},"171":{"start":{"line":615,"column":8},"end":{"line":615,"column":14}},"172":{"start":{"line":619,"column":8},"end":{"line":619,"column":49}},"173":{"start":{"line":620,"column":8},"end":{"line":620,"column":14}},"174":{"start":{"line":624,"column":8},"end":{"line":624,"column":40}},"175":{"start":{"line":625,"column":8},"end":{"line":625,"column":14}},"176":{"start":{"line":629,"column":8},"end":{"line":629,"column":49}},"177":{"start":{"line":630,"column":8},"end":{"line":630,"column":14}},"178":{"start":{"line":634,"column":8},"end":{"line":634,"column":39}},"179":{"start":{"line":635,"column":8},"end":{"line":635,"column":14}},"180":{"start":{"line":639,"column":8},"end":{"line":655,"column":11}},"181":{"start":{"line":656,"column":8},"end":{"line":656,"column":29}},"182":{"start":{"line":47,"column":0},"end":{"line":47,"column":13}},"183":{"start":{"line":662,"column":0},"end":{"line":667,"column":1}},"184":{"start":{"line":663,"column":2},"end":{"line":666,"column":5}},"185":{"start":{"line":664,"column":4},"end":{"line":664,"column":43}},"186":{"start":{"line":665,"column":4},"end":{"line":665,"column":25}}},"fnMap":{"0":{"name":"(anonymous_0)","decl":{"start":{"line":51,"column":2},"end":{"line":51,"column":14}},"loc":{"start":{"line":51,"column":63},"end":{"line":59,"column":3}}},"1":{"name":"(anonymous_1)","decl":{"start":{"line":64,"column":2},"end":{"line":64,"column":7}},"loc":{"start":{"line":64,"column":20},"end":{"line":79,"column":3}}},"2":{"name":"(anonymous_2)","decl":{"start":{"line":84,"column":2},"end":{"line":84,"column":7}},"loc":{"start":{"line":84,"column":32},"end":{"line":131,"column":3}}},"3":{"name":"(anonymous_3)","decl":{"start":{"lin
[...]
:5},"end":{"line":173,"column":7}},"70":{"start":{"line":170,"column":23},"end":{"line":170,"column":49}},"71":{"start":{"line":171,"column":6},"end":{"line":171,"column":47}},"72":{"start":{"line":172,"column":6},"end":{"line":172,"column":31}},"73":{"start":{"line":175,"column":4},"end":{"line":175,"column":14}},"74":{"start":{"line":182,"column":4},"end":{"line":182,"column":23}},"75":{"start":{"line":183,"column":4},"end":{"line":183,"column":29}},"76":{"start":{"line":11,"column":0},"end":{"line":11,"column":13}},"77":{"start":{"line":195,"column":4},"end":{"line":204,"column":6}},"78":{"start":{"line":211,"column":4},"end":{"line":217,"column":6}},"79":{"start":{"line":224,"column":4},"end":{"line":233,"column":6}},"80":{"start":{"line":240,"column":4},"end":{"line":248,"column":6}},"81":{"start":{"line":255,"column":4},"end":{"line":262,"column":6}},"82":{"start":{"line":269,"column":4},"end":{"line":276,"column":6}},"83":{"start":{"line":283,"column":4},"end":{"line":292,"column":6}},"84":{"start":{"line":190,"column":0},"end":{"line":190,"column":13}},"85":{"start":{"line":300,"column":92},"end":{"line":300,"column":101}},"86":{"start":{"line":306,"column":4},"end":{"line":306,"column":45}},"87":{"start":{"line":313,"column":25},"end":{"line":313,"column":49}},"88":{"start":{"line":314,"column":17},"end":{"line":314,"column":34}},"89":{"start":{"line":316,"column":5},"end":{"line":337,"column":7}},"90":{"start":{"line":318,"column":17},"end":{"line":318,"column":67}},"91":{"start":{"line":320,"column":23},"end":{"line":324,"column":8}},"92":{"start":{"line":326,"column":6},"end":{"line":334,"column":7}},"93":{"start":{"line":327,"column":8},"end":{"line":327,"column":50}},"94":{"start":{"line":329,"column":22},"end":{"line":329,"column":68}},"95":{"start":{"line":330,"column":9},"end":{"line":330,"column":48}},"96":{"start":{"line":331,"column":9},"end":{"line":331,"column":48}},"97":{"start":{"line":332,"column":9},"end":{"line":332,"column":48}},"98":{"start":{"line":333,"column":8},"end":{"line":333,"column":64}},"99":{"start":{"line":336,"column":6},"end":{"line":336,"column":33}},"100":{"start":{"line":339,"column":4},"end":{"line":339,"column":16}},"101":{"start":{"line":346,"column":22},"end":{"line":346,"column":46}},"102":{"start":{"line":348,"column":5},"end":{"line":380,"column":7}},"103":{"start":{"line":349,"column":24},"end":{"line":377,"column":8}},"104":{"start":{"line":352,"column":12},"end":{"line":357,"column":13}},"105":{"start":{"line":353,"column":31},"end":{"line":353,"column":84}},"106":{"start":{"line":354,"column":14},"end":{"line":356,"column":15}},"107":{"start":{"line":355,"column":16},"end":{"line":355,"column":41}},"108":{"start":{"line":362,"column":12},"end":{"line":367,"column":13}},"109":{"start":{"line":363,"column":31},"end":{"line":363,"column":84}},"110":{"start":{"line":364,"column":14},"end":{"line":366,"column":15}},"111":{"start":{"line":365,"column":16},"end":{"line":365,"column":41}},"112":{"start":{"line":371,"column":10},"end":{"line":374,"column":11}},"113":{"start":{"line":372,"column":29},"end":{"line":372,"column":82}},"114":{"start":{"line":373,"column":12},"end":{"line":373,"column":45}},"115":{"start":{"line":379,"column":6},"end":{"line":379,"column":23}},"116":{"start":{"line":382,"column":4},"end":{"line":382,"column":17}},"117":{"start":{"line":389,"column":4},"end":{"line":389,"column":30}},"118":{"start":{"line":299,"column":0},"end":{"line":299,"column":13}},"119":{"start":{"line":401,"column":4},"end":{"line":423,"column":6}},"120":{"start":{"line":432,"column":22},"end":{"line":432,"column":45}},"121":{"start":{"line":434,"column":4},"end":{"line":436,"column":5}},"122":{"start":{"line":435,"column":6},"end":{"line":435,"column":57}},"123":{"start":{"line":396,"column":0},"end":{"line":396,"column":13}},"124":{"start":{"line":448,"column":4},"end":{"line":448,"column":40}},"125":{"start":{"line":449,"column":4},"end":{"line":449,"column":43}},"126":{"start":{"line":456,"column":4},"end":{"line":456,"column":41}},"127":{"start":{"line":463,"column":4},"end":{"line":463,"column":45}},"128":{"start":{"line":470,"column":4},"end":{"line":474,"column":6}},"129":{"start":{"line":443,"column":0},"end":{"line":443,"column":13}},"130":{"start":{"line":482,"column":2},"end":{"line":482,"column":57}},"131":{"start":{"line":482,"column":32},"end":{"line":482,"column":55}},"132":{"start":{"line":489,"column":2},"end":{"line":489,"column":55}},"133":{"start":{"line":489,"column":32},"end":{"line":489,"column":53}}},"fnMap":{"0":{"name":"(anonymous_0)","decl":{"start":{"line":18,"column":2},"end":{"line":18,"column":14}},"loc":{"start":{"line":18,"column":87},"end":{"line":27,"column":3}}},"1":{"name":"(anonymous_1)","decl":{"start":{"line":20,"column":49},"end":{"line":20,"column":50}},"loc":{"start":{"line":20,"column":69},"end":{"line":22,"column":7}}},"2":{"name":"(anonymous_2)","decl":{"start":{"line":25,"column":39},"end":{"line":25,"column":42}},"loc":{"start":{"line":25,"column":46},"end":{"line":25,"column":71}}},"3":{"name":"(anonymous_3)","decl":{"start":{"line":32,"column":2},"end":{"line":32,"column":9}},"loc":{"start":{"line":32,"column":39},"end":{"line":34,"column":3}}},"4":{"name":"(anonymous_4)","decl":{"start":{"line":39,"column":2},"end":{"line":39,"column":14}},"loc":{"start":{"line":39,"column":27},"end":{"line":41,"column":3}}},"5":{"name":"(anonymous_5)","decl":{"start":{"line":46,"column":2},"end":{"line":46,"column":9}},"loc":{"start":{"line":46,"column":22},"end":{"line":48,"column":3}}},"6":{"name":"(anonymous_6)","decl":{"start":{"line":53,"column":2},"end":{"line":53,"column":9}},"loc":{"start":{"line":53,"column":22},"end":{"line":55,"column":3}}},"7":{"name":"(anonymous_7)","decl":{"start":{"line":60,"column":2},"end":{"line":60,"column":14}},"loc":{"start":{"line":60,"column":27},"end":{"line":62,"column":3}}},"8":{"name":"(anonymous_8)","decl":{"start":{"line":67,"column":2},"end":{"line":67,"column":22}},"loc":{"start":{"line":67,"column":22},"end":{"line":176,"column":3}}},"9":{"name":"(anonymous_9)","decl":{"start":{"line":71,"column":44},"end":{"line":71,"column":45}},"loc":{"start":{"line":71,"column":61},"end":{"line":77,"column":5}}},"10":{"name":"(anonymous_10)","decl":{"start":{"line":80,"column":45},"end":{"line":80,"column":46}},"loc":{"start":{"line":80,"column":79},"end":{"line":83,"column":5}}},"11":{"name":"(anonymous_11)","decl":{"start":{"line":86,"column":42},"end":{"line":86,"column":43}},"loc":{"start":{"line":86,"column":59},"end":{"line":91,"column":5}}},"12":{"name":"(anonymous_12)","decl":{"start":{"line":94,"column":41},"end":{"line":94,"column":42}},"loc":{"start":{"line":94,"column":74},"end":{"line":96,"column":5}}},"13":{"name":"(anonymous_13)","decl":{"start":{"line":99,"column":43},"end":{"line":99,"column":44}},"loc":{"start":{"line":99,"column":75},"end":{"line":121,"column":5}}},"14":{"name":"(anonymous_14)","decl":{"start":{"line":112,"column":22},"end":{"line":112,"column":25}},"loc":{"start":{"line":112,"column":28},"end":{"line":112,"column":32}}},"15":{"name":"(anonymous_15)","decl":{"start":{"line":113,"column":27},"end":{"line":113,"column":30}},"loc":{"start":{"line":113,"column":33},"end":{"line":113,"column":38}}},"16":{"name":"(anonymous_16)","decl":{"start":{"line":120,"column":76},"end":{"line":120,"column":77}},"loc":{"start":{"line":120,"column":81},"end":{"line":120,"column":87}}},"17":{"name":"(anonymous_17)","decl":{"start":{"line":124,"column":40},"end":{"line":124,"column":41}},"loc":{"start":{"line":124,"column":57},"end":{"line":139,"column":5}}},"18":{"name":"(anonymous_18)","decl":{"start":{"line":127,"column":18},"end":{"line":127,"column":21}},"loc":{"start":{"line":127,"column":24},"end":{"line":127,"column":28}}},"19":{"name":"(anonymous_19)","decl":{"start":{"line":128,"column":23},"end":{"line":128,"column":26}},"loc":{"start":{"line":128,"column":29},"end":{"line":128,"column":34}}},"20":{"name":"(anonymous_20)","decl":{"start":{"line":134,"column":18},"end":{"line":134,"column":21}},"loc":{"start":{"line":134,"column":24},"end":{"line":134,"column":29}}},"21":{"name":"(anonymous_21)","decl":{"start":{"line":135,"column":23},"end":{"line":135,"column":26}},"loc":{"start":{"line":135,"column":29},"end":{"line":135,"column":33}}},"22":{"name":"(anonymous_22)","decl":{"start":{"line":142,"column":42},"end":{"line":142,"column":43}},"loc":{"start":{"line":142,"column":59},"end":{"line":145,"column":5}}},"23":{"name":"(anonymous_23)","decl":{"start":{"line":148,"column":44},"end":{"line":148,"column":45}},"loc":{"start":{"line":148,"column":74},"end":{"line":155,"column":5}}},"24":{"name":"(anonymous_24)","decl":{"start":{"line":158,"column":42},"end":{"line":158,"column":43}},"loc":{"start":{"line":158,"column":72},"end":{"line":166,"column":5}}},"25":{"name":"(anonymous_25)","decl":{"start":{"line":169,"column":46},"end":{"line":169,"column":47}},"loc":{"start":{"line":169,"column":80},"end":{"line":173,"column":5}}},"26":{"name":"(anonymous_26)","decl":{"start":{"line":181,"column":2},"end":{"line":181,"column":7}},"loc":{"start":{"line":181,"column":7},"end":{"line":184,"column":3}}},"27":{"name":"(anonymous_27)","decl":{"start":{"line":194,"column":2},"end":{"line":194,"column":8}},"loc":{"start":{"line":194,"column":47},"end":{"line":205,"column":3}}},"28":{"name":"(anonymous_28)","decl":{"start":{"line":210,"column":2},"end":{"line":210,"column":8}},"loc":{"start":{"line":210,"column":50},"end":{"line":218,"column":3}}},"29":{"name":"(anonymous_29)","decl":{"start":{"line":223,"column":2},"end":{"line":223,"column":8}},"loc":{"start":{"line":223,"column":51},"end":{"line":234,"column":3}}},"30":{"name":"(anonymous_30)","decl":{"start":{"line":239,"column":2},"end":{"line":239,"column":8}},"loc":{"start":{"line":239,"column":47},"end":{"line":249,"column":3}}},"31":{"name":"(anonymous_31)","decl":{"start":{"line":254,"column":2},"end":{"line":254,"column":8}},"loc":{"start":{"line":254,"column":46},"end":{"line":263,"column":3}}},"32":{"name":"(anonymous_32)","decl":{"start":{"line":268,"column":2},"end":{"line":268,"column":8}},"loc":{"start":{"line":268,"column":48},"end":{"line":277,"column":3}}},"33":{"name":"(anonymous_33)","decl":{"start":{"line":282,"column":2},"end":{"line":282,"column":8}},"loc":{"start":{"line":282,"column":50},"end":{"line":293,"column":3}}},"34":{"name":"(anonymous_34)","decl":{"start":{"line":305,"column":2},"end":{"line":305,"column":13}},"loc":{"start":{"line":305,"column":93},"end":{"line":307,"column":3}}},"35":{"name":"(anonymous_35)","decl":{"start":{"line":312,"column":2},"end":{"line":312,"column":16}},"loc":{"start":{"line":312,"column":16},"end":{"line":340,"column":3}}},"36":{"name":"(anonymous_36)","decl":{"start":{"line":316,"column":37},"end":{"line":316,"column":38}},"loc":{"start":{"line":316,"column":86},"end":{"line":337,"column":5}}},"37":{"name":"(anonymous_37)","decl":{"start":{"line":345,"column":2},"end":{"line":345,"column":17}},"loc":{"start":{"line":345,"column":17},"end":{"line":383,"column":3}}},"38":{"name":"(anonymous_38)","decl":{"start":{"line":348,"column":38},"end":{"line":348,"column":39}},"loc":{"start":{"line":348,"column":89},"end":{"line":380,"column":5}}},"39":{"name":"(anonymous_39)","decl":{"start":{"line":351,"column":22},"end":{"line":351,"column":23}},"loc":{"start":{"line":351,"column":70},"end":{"line":358,"column":11}}},"40":{"name":"(anonymous_40)","decl":{"start":{"line":361,"column":22},"end":{"line":361,"column":23}},"loc":{"start":{"line":361,"column":70},"end":{"line":368,"column":11}}},"41":{"name":"(anonymous_41)","decl":{"start":{"line":370,"column":20},"end":{"line":370,"column":21}},"loc":{"start":{"line":370,"column":71},"end":{"line":375,"column":9}}},"42":{"name":"(anonymous_42)","decl":{"start":{"line":388,"column":2},"end":{"line":388,"column":7}},"loc":{"start":{"line":388,"column":7},"end":{"line":390,"column":3}}},"43":{"name":"(anonymous_43)","decl":{"start":{"line":400,"column":2},"end":{"line":400,"column":8}},"loc":{"start":{"line":400,"column":25},"end":{"line":424,"column":3}}},"44":{"name":"(anonymous_44)","decl":{"start":{"line":429,"column":2},"end":{"line":429,"column":8}},"loc":{"start":{"line":430,"column":77},"end":{"line":437,"column":3}}},"45":{"name":"(anonymous_45)","decl":{"start":{"line":447,"column":2},"end":{"line":447,"column":8}},"loc":{"start":{"line":447,"column":76},"end":{"line":450,"column":3}}},"46":{"name":"(anonymous_46)","decl":{"start":{"line":455,"column":2},"end":{"line":455,"column":8}},"loc":{"start":{"line":455,"column":59},"end":{"line":457,"column":3}}},"47":{"name":"(anonymous_47)","decl":{"start":{"line":462,"column":2},"end":{"line":462,"column":8}},"loc":{"start":{"line":462,"column":64},"end":{"line":464,"column":3}}},"48":{"name":"(anonymous_48)","decl":{"start":{"line":469,"column":2},"end":{"line":469,"column":8}},"loc":{"start":{"line":469,"column":62},"end":{"line":475,"column":3}}},"49":{"name":"waitFor","decl":{"start":{"line":481,"column":22},"end":{"line":481,"column":29}},"loc":{"start":{"line":481,"column":40},"end":{"line":483,"column":1}}},"50":{"name":"(anonymous_50)","decl":{"start":{"line":482,"column":21},"end":{"line":482,"column":28}},"loc":{"start":{"line":482,"column":32},"end":{"line":482,"column":55}}},"51":{"name":"flushPromises","decl":{"start":{"line":488,"column":22},"end":{"line":488,"column":35}},"loc":{"start":{"line":488,"column":35},"end":{"line":490,"column":1}}},"52":{"name":"(anonymous_52)","decl":{"start":{"line":489,"column":21},"end":{"line":489,"column":28}},"loc":{"start":{"line":489,"column":32},"end":{"line":489,"column":53}}}},"branchMap":{"0":{"loc":{"start":{"line":19,"column":4},"end":{"line":23,"column":5}},"type":"if","locations":[{"start":{"line":19,"column":4},"end":{"line":23,"column":5}}]},"1":{"loc":{"start":{"line":24,"column":4},"end":{"line":26,"column":5}},"type":"if","locations":[{"start":{"line":24,"column":4},"end":{"line":26,"column":5}}]},"2":{"loc":{"start":{"line":73,"column":6},"end":{"line":75,"column":7}},"type":"if","locations":[{"start":{"line":73,"column":6},"end":{"line":75,"column":7}}]},"3":{"loc":{"start":{"line":87,"column":6},"end":{"line":89,"column":7}},"type":"if","locations":[{"start":{"line":87,"column":6},"end":{"line":89,"column":7}}]},"4":{"loc":{"start":{"line":87,"column":10},"end":{"line":87,"column":60}},"type":"binary-expr","locations":[{"start":{"line":87,"column":10},"end":{"line":87,"column":30}},{"start":{"line":87,"column":34},"end":{"line":87,"column":60}}]},"5":{"loc":{"start":{"line":104,"column":8},"end":{"line":117,"column":9}},"type":"if","locations":[{"start":{"line":104,"column":8},"end":{"line":117,"column":9}}]},"6":{"loc":{"start":{"line":104,"column":12},"end":{"line":104,"column":58}},"type":"binary-expr","locations":[{"start":{"line":104,"column":12},"end":{"line":104,"column":37}},{"start":{"line":104,"column":41},"end":{"line":104,"column":58}}]},"7":{"loc":{"start":{"line":108,"column":10},"end":{"line":116,"column":11}},"type":"if","locations":[{"start":{"line":108,"column":10},"end":{"line":116,"column":11}}]},"8":{"loc":{"start":{"line":120,"column":29},"end":{"line":120,"column":88}},"type":"cond-expr","locations":[{"start":{"line":120,"column":54},"end":{"line":120,"column":61}},{"start":{"line":120,"column":64},"end":{"line":120,"column":88}}]},"9":{"loc":{"start":{"line":125,"column":6},"end":{"line":131,"column":7}},"type":"if","locations":[{"start":{"line":125,"column":6},"end":{"line":131,"column":7}}]},"10":{"loc":{"start":{"line":132,"column":6},"end":{"line":137,"column":7}},"type":"if","locations":[{"start":{"line":132,"column":6},"end":{"line":137,"column":7}}]},"11":{"loc":{"start":{"line":150,"column":6},"end":{"line":152,"column":7}},"type":"if","locations":[{"start":{"line":150,"column":6},"end":{"line":152,"column":7}}]},"12":{"loc":{"start":{"line":160,"column":6},"end":{"line":162,"column":7}},"type":"if","locations":[{"start":{"line":160,"column":6},"end":{"line":162,"column":7}}]},"13":{"loc":{"start":{"line":170,"column":23},"end":{"line":170,"column":49}},"type":"binary-expr","locations":[{"start":{"line":170,"column":23},"end":{"line":170,"column":43}},{"start":{"line":170,"column":47},"end":{"line":170,"column":49}}]},"14":{"loc":{"start":{"line":318,"column":17},"end":{"line":318,"column":67}},"type":"cond-expr","locations":[{"start":{"line":318,"column":49},"end":{"line":318,"column":56}},{"start":{"line":318,"column":59},"end":{"line":318,"column":67}}]},"15":{"loc":{"start":{"line":320,"column":23},"end":{"line":324,"column":8}},"type":"binary-expr","locations":[{"start":{"line":320,"column":23},"end":{"line":320,"column":53}},{"start":{"line":320,"column":57},"end":{"line":324,"column":8}}]},"16":{"loc":{"start":{"line":326,"column":6},"end":{"line":334,"column":7}},"type":"if","locations":[{"start":{"line":326,"column":6},"end":{"line":334,"column":7}},{"start":{"line":328,"column":13},"end":{"line":334,"column":7}}]},"17":{"loc":{"start":{"line":329,"column":32},"end":{"line":329,"column":67}},"type":"binary-expr","locations":[{"start":{"line":329,"column":32},"end":{"line":329,"column":47}},{"start":{"line":329,"column":51},"end":{"line":329,"column":67}}]},"18":{"loc":{"start":{"line":352,"column":12},"end":{"line":357,"column":13}},"type":"if","locations":[{"start":{"line":352,"column":12},"end":{"line":357,"column":13}}]},"19":{"loc":{"start":{"line":354,"column":14},"end":{"line":356,"column":15}},"type":"if","locations":[{"start":{"line":354,"column":14},"end":{"line":356,"column":15}}]},"20":{"loc":{"start":{"line":362,"column":12},"end":{"line":367,"column":13}},"type":"if","locations":[{"start":{"line":362,"column":12},"end":{"line":367,"column":13}}]},"21":{"loc":{"start":{"line":364,"column":14},"end":{"line":366,"column":15}},"type":"if","locations":[{"start":{"line":364,"column":14},"end":{"line":366,"column":15}}]},"22":{"loc":{"start":{"line":371,"column":10},"end":{"line":374,"column":11}},"type":"if","locations":[{"start":{"line":371,"column":10},"end":{"line":374,"column":11}}]},"23":{"loc":{"start":{"line":373,"column":20},"end":{"line":373,"column":43}},"type":"binary-expr","locations":[{"start":{"line":373,"column":20},"end":{"line":373,"column":38}},{"start":{"line":373,"column":42},"end":{"line":373,"column":43}}]}},"s":{"0":0,"1":0,"2":0,"3":0,"4":0,"5":0,"6":0,"7":0,"8":0,"9":0,"10":0,"11":0,"12":0,"13":0,"14":0,"15":0,"16":0,"17":0,"18":0,"19":0,"20":0,"21":0,"22":0,"23":0,"24":0,"25":0,"26":0,"27":0,"28":0,"29":0,"30":0,"31":0,"32":0,"33":0,"34":0,"35":0,"36":0,"37":0,"38":0,"39":0,"40":0,"41":0,"42":0,"43":0,"44":0,"45":0,"46":0,"47":0,"48":0,"49":0,"50":0,"51":0,"52":0,"53":0,"54":0,"55":0,"56":0,"57":0,"58":0,"59":0,"60":0,"61":0,"62":0,"63":0,"64":0,"65":0,"66":0,"67":0,"68":0,"69":0,"70":0,"71":0,"72":0,"73":0,"74":0,"75":0,"76":0,"77":0,"78":0,"79":0,"80":0,"81":0,"82":0,"83":0,"84":0,"85":0,"86":0,"87":0,"88":0,"89":0,"90":0,"91":0,"92":0,"93":0,"94":0,"95":0,"96":0,"97":0,"98":0,"99":0,"100":0,"101":0,"102":0,"103":0,"104":0,"105":0,"106":0,"107":0,"108":0,"109":0,"110":0,"111":0,"112":0,"113":0,"114":0,"115":0,"116":0,"117":0,"118":0,"119":0,"120":0,"121":0,"122":0,"123":0,"124":0,"125":0,"126":0,"127":0,"128":0,"129":0,"130":0,"131":0,"132":0,"133":0},"f":{"0":0,"1":0,"2":0,"3":0,"4":0,"5":0,"6":0,"7":0,"8":0,"9":0,"10":0,"11":0,"12":0,"13":0,"14":0,"15":0,"16":0,"17":0,"18":0,"19":0,"20":0,"21":0,"22":0,"23":0,"24":0,"25":0,"26":0,"27":0,"28":0,"29":0,"30":0,"31":0,"32":0,"33":0,"34":0,"35":0,"36":0,"37":0,"38":0,"39":0,"40":0,"41":0,"42":0,"43":0,"44":0,"45":0,"46":0,"47":0,"48":0,"49":0,"50":0,"51":0,"52":0},"b":{"0":[0],"1":[0],"2":[0],"3":[0],"4":[0,0],"5":[0],"6":[0,0],"7":[0],"8":[0,0],"9":[0],"10":[0],"11":[0],"12":[0],"13":[0,0],"14":[0,0],"15":[0,0],"16":[0,0],"17":[0,0],"18":[0],"19":[0],"20":[0],"21":[0],"22":[0],"23":[0,0]}}
}
