TN:
SF:src/index.ts
FN:35,(anonymous_0)
FN:36,(anonymous_1)
FN:37,(anonymous_2)
FN:38,(anonymous_3)
FN:39,(anonymous_4)
FN:44,(anonymous_5)
FN:45,(anonymous_6)
FN:46,(anonymous_7)
FN:47,(anonymous_8)
FN:48,(anonymous_9)
FN:49,(anonymous_10)
FN:50,(anonymous_11)
FN:51,(anonymous_12)
FN:52,(anonymous_13)
FN:53,(anonymous_14)
FN:54,(anonymous_15)
FN:55,(anonymous_16)
FN:56,(anonymous_17)
FN:40,(anonymous_18)
FN:41,(anonymous_19)
FN:42,(anonymous_20)
FN:43,(anonymous_21)
FN:59,(anonymous_22)
FN:60,(anonymous_23)
FN:61,(anonymous_24)
FN:62,(anonymous_25)
FN:63,(anonymous_26)
FNF:27
FNH:0
FNDA:0,(anonymous_0)
FNDA:0,(anonymous_1)
FNDA:0,(anonymous_2)
FNDA:0,(anonymous_3)
FNDA:0,(anonymous_4)
FNDA:0,(anonymous_5)
FNDA:0,(anonymous_6)
FNDA:0,(anonymous_7)
FNDA:0,(anonymous_8)
FNDA:0,(anonymous_9)
FNDA:0,(anonymous_10)
FNDA:0,(anonymous_11)
FNDA:0,(anonymous_12)
FNDA:0,(anonymous_13)
FNDA:0,(anonymous_14)
FNDA:0,(anonymous_15)
FNDA:0,(anonymous_16)
FNDA:0,(anonymous_17)
FNDA:0,(anonymous_18)
FNDA:0,(anonymous_19)
FNDA:0,(anonymous_20)
FNDA:0,(anonymous_21)
FNDA:0,(anonymous_22)
FNDA:0,(anonymous_23)
FNDA:0,(anonymous_24)
FNDA:0,(anonymous_25)
FNDA:0,(anonymous_26)
DA:7,0
DA:8,0
DA:9,0
DA:10,0
DA:11,0
DA:12,0
DA:13,0
DA:14,0
DA:15,0
DA:16,0
DA:17,0
DA:18,0
DA:19,0
DA:20,0
DA:21,0
DA:22,0
DA:23,0
DA:24,0
DA:27,0
DA:30,0
DA:31,0
DA:32,0
DA:35,0
DA:36,0
DA:37,0
DA:38,0
DA:39,0
DA:40,0
DA:41,0
DA:42,0
DA:43,0
DA:44,0
DA:45,0
DA:46,0
DA:47,0
DA:48,0
DA:49,0
DA:50,0
DA:51,0
DA:52,0
DA:53,0
DA:54,0
DA:55,0
DA:56,0
DA:59,0
DA:60,0
DA:61,0
DA:62,0
DA:63,0
LF:49
LH:0
BRF:0
BRH:0
end_of_record
TN:
SF:src/cli/index.ts
FN:27,(anonymous_1)
FN:36,(anonymous_2)
FN:62,(anonymous_3)
FN:72,(anonymous_4)
FN:83,(anonymous_5)
FN:87,(anonymous_6)
FN:97,(anonymous_7)
FN:111,(anonymous_8)
FNF:8
FNH:0
FNDA:0,(anonymous_1)
FNDA:0,(anonymous_2)
FNDA:0,(anonymous_3)
FNDA:0,(anonymous_4)
FNDA:0,(anonymous_5)
FNDA:0,(anonymous_6)
FNDA:0,(anonymous_7)
FNDA:0,(anonymous_8)
DA:8,0
DA:9,0
DA:10,0
DA:11,0
DA:12,0
DA:13,0
DA:14,0
DA:16,0
DA:18,0
DA:24,0
DA:28,0
DA:29,0
DA:30,0
DA:33,0
DA:37,0
DA:38,0
DA:39,0
DA:41,0
DA:43,0
DA:44,0
DA:45,0
DA:46,0
DA:47,0
DA:49,0
DA:52,0
DA:53,0
DA:54,0
DA:55,0
DA:59,0
DA:63,0
DA:64,0
DA:65,0
DA:69,0
DA:73,0
DA:74,0
DA:76,0
DA:77,0
DA:78,0
DA:81,0
DA:82,0
DA:83,0
DA:85,0
DA:86,0
DA:87,0
DA:90,0
DA:94,0
DA:98,0
DA:99,0
DA:101,0
DA:102,0
DA:104,0
DA:108,0
DA:112,0
DA:113,0
DA:114,0
DA:118,0
DA:120,0
DA:121,0
DA:123,0
DA:125,0
DA:126,0
DA:128,0
DA:130,0
DA:131,0
LF:64
LH:0
BRDA:43,0,0,0
BRDA:43,0,1,0
BRDA:45,1,0,0
BRDA:45,1,1,0
BRDA:46,2,0,0
BRDA:46,2,1,0
BRDA:47,3,0,0
BRDA:47,3,1,0
BRDA:76,4,0,0
BRDA:85,5,0,0
BRDA:90,6,0,0
BRDA:90,6,1,0
BRDA:104,7,0,0
BRDA:104,7,1,0
BRDA:123,8,0,0
BRDA:123,8,1,0
BRDA:126,9,0,0
BRDA:126,9,1,0
BRF:18
BRH:0
end_of_record
TN:
SF:src/hooks/hook-manager.ts
FN:23,(anonymous_0)
FN:31,(anonymous_1)
FN:68,(anonymous_2)
FN:97,(anonymous_3)
FN:114,(anonymous_4)
FN:145,(anonymous_5)
FNF:6
FNH:0
FNDA:0,(anonymous_0)
FNDA:0,(anonymous_1)
FNDA:0,(anonymous_2)
FNDA:0,(anonymous_3)
FNDA:0,(anonymous_4)
FNDA:0,(anonymous_5)
DA:7,0
DA:8,0
DA:9,0
DA:20,0
DA:24,0
DA:32,0
DA:34,0
DA:37,0
DA:38,0
DA:41,0
DA:42,0
DA:44,0
DA:48,0
DA:52,0
DA:57,0
DA:59,0
DA:69,0
DA:71,0
DA:73,0
DA:74,0
DA:78,0
DA:81,0
DA:90,0
DA:100,0
DA:106,0
DA:109,0
DA:110,0
DA:112,0
DA:114,0
DA:115,0
DA:117,0
DA:118,0
DA:121,0
DA:122,0
DA:124,0
DA:128,0
DA:132,0
DA:143,0
DA:146,0
DA:148,0
LF:40
LH:0
BRDA:41,0,0,0
BRDA:41,0,1,0
BRDA:73,1,0,0
BRDA:73,2,0,0
BRDA:73,2,1,0
BRDA:83,3,0,0
BRDA:83,3,1,0
BRDA:83,3,2,0
BRDA:106,4,0,0
BRDA:106,4,1,0
BRDA:106,4,2,0
BRDA:109,5,0,0
BRDA:115,6,0,0
BRDA:115,6,1,0
BRDA:115,6,2,0
BRDA:122,7,0,0
BRDA:122,7,1,0
BRF:17
BRH:0
end_of_record
TN:
SF:src/services/auto-checkpoint.ts
FN:30,(anonymous_0)
FN:40,(anonymous_1)
FN:97,(anonymous_2)
FN:133,(anonymous_3)
FN:146,(anonymous_4)
FN:166,(anonymous_5)
FN:173,(anonymous_6)
FNF:7
FNH:0
FNDA:0,(anonymous_0)
FNDA:0,(anonymous_1)
FNDA:0,(anonymous_2)
FNDA:0,(anonymous_3)
FNDA:0,(anonymous_4)
FNDA:0,(anonymous_5)
FNDA:0,(anonymous_6)
DA:8,0
DA:9,0
DA:10,0
DA:24,0
DA:31,0
DA:32,0
DA:33,0
DA:34,0
DA:45,0
DA:48,0
DA:51,0
DA:52,0
DA:54,0
DA:55,0
DA:59,0
DA:60,0
DA:61,0
DA:62,0
DA:68,0
DA:69,0
DA:72,0
DA:75,0
DA:83,0
DA:84,0
DA:86,0
DA:87,0
DA:91,0
DA:94,0
DA:97,0
DA:100,0
DA:111,0
DA:112,0
DA:115,0
DA:123,0
DA:125,0
DA:127,0
DA:134,0
DA:135,0
DA:137,0
DA:138,0
DA:139,0
DA:142,0
DA:146,0
DA:147,0
DA:154,0
DA:158,0
DA:159,0
DA:160,0
DA:161,0
DA:163,0
DA:165,0
DA:167,0
DA:168,0
DA:170,0
DA:171,0
DA:174,0
DA:175,0
LF:57
LH:0
BRDA:31,0,0,0
BRDA:31,0,1,0
BRDA:45,1,0,0
BRDA:45,2,0,0
BRDA:45,3,0,0
BRDA:138,4,0,0
BRDA:154,5,0,0
BRDA:154,5,1,0
BRDA:154,5,2,0
BRDA:158,6,0,0
BRDA:159,7,0,0
BRDA:159,7,1,0
BRDA:160,8,0,0
BRDA:160,8,1,0
BRDA:161,9,0,0
BRDA:161,9,1,0
BRDA:167,10,0,0
BRF:17
BRH:0
end_of_record
TN:
SF:src/services/boundary-enforcer.ts
FN:20,(anonymous_0)
FN:27,(anonymous_1)
FN:43,(anonymous_2)
FN:56,(anonymous_3)
FN:80,(anonymous_4)
FN:94,(anonymous_5)
FN:105,(anonymous_6)
FN:126,(anonymous_7)
FN:147,(anonymous_8)
FN:158,(anonymous_9)
FN:165,(anonymous_10)
FN:169,(anonymous_11)
FN:194,(anonymous_12)
FN:243,(anonymous_13)
FNF:14
FNH:0
FNDA:0,(anonymous_0)
FNDA:0,(anonymous_1)
FNDA:0,(anonymous_2)
FNDA:0,(anonymous_3)
FNDA:0,(anonymous_4)
FNDA:0,(anonymous_5)
FNDA:0,(anonymous_6)
FNDA:0,(anonymous_7)
FNDA:0,(anonymous_8)
FNDA:0,(anonymous_9)
FNDA:0,(anonymous_10)
FNDA:0,(anonymous_11)
FNDA:0,(anonymous_12)
FNDA:0,(anonymous_13)
DA:7,0
DA:8,0
DA:9,0
DA:17,0
DA:21,0
DA:28,0
DA:31,0
DA:32,0
DA:40,0
DA:43,0
DA:44,0
DA:47,0
DA:48,0
DA:56,0
DA:57,0
DA:60,0
DA:61,0
DA:70,0
DA:81,0
DA:83,0
DA:84,0
DA:85,0
DA:88,0
DA:95,0
DA:99,0
DA:106,0
DA:108,0
DA:109,0
DA:114,0
DA:117,0
DA:118,0
DA:119,0
DA:127,0
DA:129,0
DA:130,0
DA:135,0
DA:138,0
DA:139,0
DA:140,0
DA:148,0
DA:159,0
DA:166,0
DA:169,0
DA:171,0
DA:172,0
DA:173,0
DA:174,0
DA:175,0
DA:179,0
DA:185,0
DA:188,0
DA:189,0
DA:190,0
DA:192,0
DA:194,0
DA:195,0
DA:197,0
DA:198,0
DA:199,0
DA:201,0
DA:202,0
DA:203,0
DA:204,0
DA:207,0
DA:208,0
DA:209,0
DA:211,0
DA:212,0
DA:213,0
DA:214,0
DA:217,0
DA:218,0
DA:219,0
DA:222,0
DA:223,0
DA:224,0
DA:227,0
DA:241,0
DA:244,0
DA:245,0
LF:80
LH:0
BRDA:31,0,0,0
BRDA:47,1,0,0
BRDA:60,2,0,0
BRDA:108,3,0,0
BRDA:117,4,0,0
BRDA:129,5,0,0
BRDA:138,6,0,0
BRDA:171,7,0,0
BRDA:173,8,0,0
BRDA:185,9,0,0
BRDA:185,9,1,0
BRDA:185,9,2,0
BRDA:188,10,0,0
BRDA:195,11,0,0
BRDA:195,11,1,0
BRDA:195,11,2,0
BRDA:195,11,3,0
BRDA:195,11,4,0
BRDA:197,12,0,0
BRDA:203,13,0,0
BRDA:203,13,1,0
BRDA:207,14,0,0
BRF:22
BRH:0
end_of_record
TN:
SF:src/services/build-fix-service.ts
FN:52,(anonymous_0)
FN:59,(anonymous_1)
FN:77,(anonymous_2)
FN:84,(anonymous_3)
FN:100,(anonymous_4)
FN:109,(anonymous_5)
FN:129,(anonymous_6)
FN:149,(anonymous_7)
FN:165,(anonymous_8)
FN:181,(anonymous_9)
FN:237,(anonymous_10)
FN:253,(anonymous_11)
FN:266,(anonymous_12)
FN:287,(anonymous_13)
FN:294,(anonymous_14)
FN:299,(anonymous_15)
FN:304,(anonymous_16)
FN:311,(anonymous_17)
FN:325,(anonymous_18)
FN:326,(anonymous_19)
FN:332,(anonymous_20)
FN:337,(anonymous_21)
FN:346,(anonymous_22)
FN:427,(anonymous_23)
FNF:24
FNH:0
FNDA:0,(anonymous_0)
FNDA:0,(anonymous_1)
FNDA:0,(anonymous_2)
FNDA:0,(anonymous_3)
FNDA:0,(anonymous_4)
FNDA:0,(anonymous_5)
FNDA:0,(anonymous_6)
FNDA:0,(anonymous_7)
FNDA:0,(anonymous_8)
FNDA:0,(anonymous_9)
FNDA:0,(anonymous_10)
FNDA:0,(anonymous_11)
FNDA:0,(anonymous_12)
FNDA:0,(anonymous_13)
FNDA:0,(anonymous_14)
FNDA:0,(anonymous_15)
FNDA:0,(anonymous_16)
FNDA:0,(anonymous_17)
FNDA:0,(anonymous_18)
FNDA:0,(anonymous_19)
FNDA:0,(anonymous_20)
FNDA:0,(anonymous_21)
FNDA:0,(anonymous_22)
FNDA:0,(anonymous_23)
DA:14,0
DA:15,0
DA:16,0
DA:17,0
DA:49,0
DA:53,0
DA:60,0
DA:62,0
DA:64,0
DA:69,0
DA:70,0
DA:72,0
DA:77,0
DA:85,0
DA:86,0
DA:87,0
DA:88,0
DA:89,0
DA:94,0
DA:101,0
DA:102,0
DA:105,0
DA:107,0
DA:109,0
DA:110,0
DA:111,0
DA:112,0
DA:115,0
DA:116,0
DA:128,0
DA:129,0
DA:130,0
DA:131,0
DA:132,0
DA:143,0
DA:150,0
DA:151,0
DA:152,0
DA:153,0
DA:155,0
DA:156,0
DA:157,0
DA:158,0
DA:159,0
DA:166,0
DA:167,0
DA:168,0
DA:170,0
DA:182,0
DA:215,0
DA:216,0
DA:220,0
DA:222,0
DA:224,0
DA:226,0
DA:228,0
DA:230,0
DA:238,0
DA:247,0
DA:254,0
DA:255,0
DA:257,0
DA:258,0
DA:260,0
DA:267,0
DA:268,0
DA:269,0
DA:272,0
DA:274,0
DA:275,0
DA:276,0
DA:277,0
DA:281,0
DA:287,0
DA:288,0
DA:292,0
DA:293,0
DA:294,0
DA:297,0
DA:298,0
DA:299,0
DA:302,0
DA:303,0
DA:304,0
DA:312,0
DA:313,0
DA:314,0
DA:315,0
DA:316,0
DA:317,0
DA:319,0
DA:326,0
DA:333,0
DA:335,0
DA:337,0
DA:338,0
DA:339,0
DA:347,0
DA:348,0
DA:350,0
DA:352,0
DA:353,0
DA:354,0
DA:355,0
DA:360,0
DA:361,0
DA:362,0
DA:363,0
DA:365,0
DA:366,0
DA:368,0
DA:373,0
DA:374,0
DA:375,0
DA:376,0
DA:379,0
DA:388,0
DA:389,0
DA:390,0
DA:394,0
DA:420,0
DA:426,0
DA:427,0
DA:428,0
DA:429,0
LF:125
LH:0
BRDA:53,0,0,0
BRDA:53,0,1,0
BRDA:60,1,0,0
BRDA:60,1,1,0
BRDA:70,2,0,0
BRDA:70,2,1,0
BRDA:87,3,0,0
BRDA:89,4,0,0
BRDA:89,4,1,0
BRDA:111,5,0,0
BRDA:115,6,0,0
BRDA:131,7,0,0
BRDA:131,8,0,0
BRDA:131,8,1,0
BRDA:155,9,0,0
BRDA:156,10,0,0
BRDA:157,11,0,0
BRDA:158,12,0,0
BRDA:215,13,0,0
BRDA:215,14,0,0
BRDA:215,14,1,0
BRDA:220,15,0,0
BRDA:220,15,1,0
BRDA:220,15,2,0
BRDA:220,15,3,0
BRDA:220,15,4,0
BRDA:254,16,0,0
BRDA:254,17,0,0
BRDA:254,17,1,0
BRDA:257,18,0,0
BRDA:267,19,0,0
BRDA:274,20,0,0
BRDA:292,21,0,0
BRDA:297,22,0,0
BRDA:302,23,0,0
BRDA:316,24,0,0
BRDA:350,25,0,0
BRDA:350,25,1,0
BRDA:350,25,2,0
BRDA:350,25,3,0
BRDA:355,26,0,0
BRDA:355,26,1,0
BRDA:361,27,0,0
BRDA:361,27,1,0
BRDA:374,28,0,0
BRDA:426,29,0,0
BRF:46
BRH:0
end_of_record
TN:
SF:src/services/doc-service.ts
FN:51,(anonymous_0)
FN:64,(anonymous_1)
FN:84,(anonymous_2)
FN:136,(anonymous_3)
FN:156,(anonymous_4)
FN:166,(anonymous_5)
FN:181,(anonymous_6)
FN:209,(anonymous_7)
FN:227,(anonymous_8)
FN:272,(anonymous_9)
FN:317,(anonymous_10)
FN:344,(anonymous_11)
FN:374,(anonymous_12)
FN:391,(anonymous_13)
FN:410,(anonymous_14)
FN:437,(anonymous_15)
FN:458,(anonymous_16)
FN:476,(anonymous_17)
FN:489,(anonymous_18)
FN:503,(anonymous_19)
FN:506,(anonymous_20)
FN:514,(anonymous_21)
FN:520,(anonymous_22)
FN:521,(anonymous_23)
FN:535,(anonymous_24)
FN:545,(anonymous_25)
FN:554,(anonymous_26)
FN:555,(anonymous_27)
FN:560,(anonymous_28)
FN:573,(anonymous_29)
FN:577,(anonymous_30)
FN:578,(anonymous_31)
FN:590,(anonymous_32)
FN:591,(anonymous_33)
FN:595,(anonymous_34)
FN:597,(anonymous_35)
FN:608,(anonymous_36)
FN:663,(anonymous_37)
FNF:38
FNH:32
FNDA:35,(anonymous_0)
FNDA:2,(anonymous_1)
FNDA:6,(anonymous_2)
FNDA:6,(anonymous_3)
FNDA:6,(anonymous_4)
FNDA:0,(anonymous_5)
FNDA:6,(anonymous_6)
FNDA:6,(anonymous_7)
FNDA:3,(anonymous_8)
FNDA:3,(anonymous_9)
FNDA:3,(anonymous_10)
FNDA:5,(anonymous_11)
FNDA:5,(anonymous_12)
FNDA:4,(anonymous_13)
FNDA:12,(anonymous_14)
FNDA:2,(anonymous_15)
FNDA:4,(anonymous_16)
FNDA:4,(anonymous_17)
FNDA:4,(anonymous_18)
FNDA:4,(anonymous_19)
FNDA:6,(anonymous_20)
FNDA:3,(anonymous_21)
FNDA:6,(anonymous_22)
FNDA:3,(anonymous_23)
FNDA:6,(anonymous_24)
FNDA:3,(anonymous_25)
FNDA:2,(anonymous_26)
FNDA:2,(anonymous_27)
FNDA:0,(anonymous_28)
FNDA:2,(anonymous_29)
FNDA:2,(anonymous_30)
FNDA:2,(anonymous_31)
FNDA:2,(anonymous_32)
FNDA:2,(anonymous_33)
FNDA:0,(anonymous_34)
FNDA:0,(anonymous_35)
FNDA:0,(anonymous_36)
FNDA:0,(anonymous_37)
DA:14,1
DA:15,1
DA:16,1
DA:17,1
DA:18,1
DA:47,1
DA:52,35
DA:53,35
DA:65,2
DA:67,2
DA:70,2
DA:71,2
DA:72,2
DA:74,2
DA:75,1
DA:78,2
DA:85,6
DA:87,6
DA:88,6
DA:89,6
DA:91,6
DA:128,6
DA:129,6
DA:130,6
DA:137,6
DA:138,6
DA:139,6
DA:140,0
DA:141,0
DA:150,6
DA:157,6
DA:158,6
DA:159,6
DA:160,0
DA:161,0
DA:163,0
DA:164,0
DA:166,0
DA:167,0
DA:170,0
DA:175,6
DA:182,6
DA:184,6
DA:185,6
DA:186,6
DA:188,6
DA:189,6
DA:190,6
DA:191,6
DA:192,6
DA:194,6
DA:195,6
DA:196,6
DA:199,6
DA:200,6
DA:201,6
DA:203,6
DA:210,6
DA:228,3
DA:230,3
DA:231,3
DA:233,3
DA:264,3
DA:265,3
DA:266,3
DA:273,3
DA:318,3
DA:345,5
DA:348,5
DA:350,4
DA:366,4
DA:367,4
DA:368,4
DA:375,5
DA:380,4
DA:382,4
DA:383,3
DA:384,3
DA:387,3
DA:389,3
DA:390,3
DA:391,3
DA:392,4
DA:393,4
DA:394,0
DA:396,4
DA:404,4
DA:411,12
DA:414,12
DA:415,12
DA:416,7
DA:420,12
DA:421,12
DA:422,4
DA:426,12
DA:427,12
DA:428,4
DA:431,12
DA:438,2
DA:440,2
DA:441,2
DA:444,2
DA:445,2
DA:448,2
DA:449,2
DA:450,2
DA:452,2
DA:459,4
DA:460,4
DA:465,4
DA:466,4
DA:467,4
DA:468,4
DA:469,3
DA:471,3
DA:476,4
DA:483,4
DA:490,4
DA:491,4
DA:493,4
DA:494,6
DA:497,4
DA:504,4
DA:506,4
DA:507,6
DA:509,6
DA:514,3
DA:520,4
DA:521,6
DA:522,3
DA:523,3
DA:524,0
DA:529,4
DA:536,6
DA:537,5
DA:538,4
DA:539,2
DA:546,3
DA:547,3
DA:548,3
DA:555,2
DA:557,2
DA:558,2
DA:560,2
DA:561,0
DA:562,0
DA:563,0
DA:564,0
DA:567,2
DA:574,2
DA:575,2
DA:577,2
DA:578,2
DA:579,2
DA:583,2
DA:584,2
DA:591,2
DA:593,2
DA:595,2
DA:596,0
DA:597,0
DA:598,0
DA:602,2
DA:609,0
DA:610,0
DA:612,0
DA:614,0
DA:615,0
DA:619,0
DA:620,0
DA:624,0
DA:625,0
DA:629,0
DA:630,0
DA:634,0
DA:635,0
DA:639,0
DA:656,0
DA:662,1
DA:663,0
DA:664,0
DA:665,0
LF:182
LH:146
BRDA:52,0,0,35
BRDA:52,0,1,1
BRDA:54,1,0,35
BRDA:54,1,1,33
BRDA:55,2,0,35
BRDA:55,2,1,34
BRDA:56,3,0,35
BRDA:56,3,1,34
BRDA:57,4,0,35
BRDA:57,4,1,33
BRDA:74,5,0,1
BRDA:139,6,0,0
BRDA:142,7,0,0
BRDA:142,7,1,0
BRDA:143,8,0,0
BRDA:143,8,1,0
BRDA:144,9,0,0
BRDA:144,9,1,0
BRDA:159,10,0,0
BRDA:161,11,0,0
BRDA:161,11,1,0
BRDA:194,12,0,6
BRDA:389,13,0,3
BRDA:393,14,0,0
BRDA:404,15,0,4
BRDA:404,15,1,2
BRDA:474,16,0,3
BRDA:474,16,1,0
BRDA:507,17,0,6
BRDA:507,17,1,0
BRDA:523,18,0,0
BRDA:536,19,0,1
BRDA:537,20,0,1
BRDA:538,21,0,2
BRDA:612,22,0,0
BRDA:612,22,1,0
BRDA:612,22,2,0
BRDA:612,22,3,0
BRDA:612,22,4,0
BRDA:612,22,5,0
BRDA:662,23,0,0
BRF:41
BRH:20
end_of_record
TN:
SF:src/services/knowledge-manager.ts
FN:39,(anonymous_0)
FN:47,(anonymous_1)
FN:69,(anonymous_2)
FN:91,(anonymous_3)
FN:113,(anonymous_4)
FN:135,(anonymous_5)
FN:146,(anonymous_6)
FN:157,(anonymous_7)
FN:168,(anonymous_8)
FN:171,(anonymous_9)
FN:180,(anonymous_10)
FN:183,(anonymous_11)
FN:200,(anonymous_12)
FN:264,(anonymous_13)
FNF:14
FNH:0
FNDA:0,(anonymous_0)
FNDA:0,(anonymous_1)
FNDA:0,(anonymous_2)
FNDA:0,(anonymous_3)
FNDA:0,(anonymous_4)
FNDA:0,(anonymous_5)
FNDA:0,(anonymous_6)
FNDA:0,(anonymous_7)
FNDA:0,(anonymous_8)
FNDA:0,(anonymous_9)
FNDA:0,(anonymous_10)
FNDA:0,(anonymous_11)
FNDA:0,(anonymous_12)
FNDA:0,(anonymous_13)
DA:8,0
DA:9,0
DA:36,0
DA:40,0
DA:41,0
DA:48,0
DA:51,0
DA:52,0
DA:53,0
DA:55,0
DA:56,0
DA:58,0
DA:59,0
DA:61,0
DA:62,0
DA:70,0
DA:72,0
DA:73,0
DA:75,0
DA:76,0
DA:82,0
DA:83,0
DA:85,0
DA:92,0
DA:94,0
DA:95,0
DA:97,0
DA:98,0
DA:104,0
DA:105,0
DA:107,0
DA:114,0
DA:116,0
DA:117,0
DA:119,0
DA:120,0
DA:126,0
DA:127,0
DA:129,0
DA:136,0
DA:137,0
DA:138,0
DA:140,0
DA:147,0
DA:148,0
DA:149,0
DA:151,0
DA:158,0
DA:159,0
DA:160,0
DA:162,0
DA:169,0
DA:170,0
DA:171,0
DA:172,0
DA:181,0
DA:182,0
DA:183,0
DA:184,0
DA:192,0
DA:196,0
DA:197,0
DA:198,0
DA:200,0
DA:201,0
DA:203,0
DA:204,0
DA:205,0
DA:206,0
DA:208,0
DA:209,0
DA:210,0
DA:213,0
DA:214,0
DA:215,0
DA:219,0
DA:220,0
DA:221,0
DA:223,0
DA:224,0
DA:225,0
DA:228,0
DA:229,0
DA:230,0
DA:234,0
DA:235,0
DA:236,0
DA:240,0
DA:241,0
DA:242,0
DA:246,0
DA:247,0
DA:248,0
DA:252,0
DA:262,0
DA:265,0
DA:266,0
LF:97
LH:0
BRDA:55,0,0,0
BRDA:58,1,0,0
BRDA:61,2,0,0
BRDA:137,3,0,0
BRDA:148,4,0,0
BRDA:159,5,0,0
BRDA:172,6,0,0
BRDA:172,6,1,0
BRDA:172,6,2,0
BRDA:184,7,0,0
BRDA:184,7,1,0
BRDA:184,7,2,0
BRDA:192,8,0,0
BRDA:192,8,1,0
BRDA:192,8,2,0
BRDA:196,9,0,0
BRDA:198,10,0,0
BRDA:198,10,1,0
BRDA:201,11,0,0
BRDA:201,11,1,0
BRDA:201,11,2,0
BRDA:201,11,3,0
BRDA:201,11,4,0
BRDA:201,11,5,0
BRDA:208,12,0,0
BRDA:223,13,0,0
BRF:26
BRH:0
end_of_record
TN:
SF:src/services/learning-service.ts
FN:49,(anonymous_0)
FN:58,(anonymous_1)
FN:78,(anonymous_2)
FN:84,(anonymous_3)
FN:104,(anonymous_4)
FN:118,(anonymous_5)
FN:122,(anonymous_6)
FN:126,(anonymous_7)
FN:134,(anonymous_8)
FN:136,(anonymous_9)
FN:142,(anonymous_10)
FN:145,(anonymous_11)
FN:145,(anonymous_12)
FN:151,(anonymous_13)
FN:153,(anonymous_14)
FN:159,(anonymous_15)
FN:161,(anonymous_16)
FN:175,(anonymous_17)
FN:182,(anonymous_18)
FN:187,(anonymous_19)
FN:189,(anonymous_20)
FN:203,(anonymous_21)
FN:210,(anonymous_22)
FN:225,(anonymous_23)
FN:227,(anonymous_24)
FN:236,(anonymous_25)
FN:243,(anonymous_26)
FN:258,(anonymous_27)
FN:274,(anonymous_28)
FN:285,(anonymous_29)
FN:291,(anonymous_30)
FN:299,(anonymous_31)
FN:311,(anonymous_32)
FN:334,(anonymous_33)
FN:373,(anonymous_34)
FN:380,(anonymous_35)
FN:423,(anonymous_36)
FN:436,(anonymous_37)
FN:480,(anonymous_38)
FNF:39
FNH:32
FNDA:36,(anonymous_0)
FNDA:11,(anonymous_1)
FNDA:2,(anonymous_2)
FNDA:1,(anonymous_3)
FNDA:21,(anonymous_4)
FNDA:5,(anonymous_5)
FNDA:4,(anonymous_6)
FNDA:0,(anonymous_7)
FNDA:1,(anonymous_8)
FNDA:2,(anonymous_9)
FNDA:1,(anonymous_10)
FNDA:2,(anonymous_11)
FNDA:3,(anonymous_12)
FNDA:2,(anonymous_13)
FNDA:1,(anonymous_14)
FNDA:2,(anonymous_15)
FNDA:2,(anonymous_16)
FNDA:2,(anonymous_17)
FNDA:3,(anonymous_18)
FNDA:14,(anonymous_19)
FNDA:4,(anonymous_20)
FNDA:6,(anonymous_21)
FNDA:13,(anonymous_22)
FNDA:1,(anonymous_23)
FNDA:4,(anonymous_24)
FNDA:1,(anonymous_25)
FNDA:1,(anonymous_26)
FNDA:1,(anonymous_27)
FNDA:11,(anonymous_28)
FNDA:10,(anonymous_29)
FNDA:160,(anonymous_30)
FNDA:140,(anonymous_31)
FNDA:1,(anonymous_32)
FNDA:0,(anonymous_33)
FNDA:0,(anonymous_34)
FNDA:0,(anonymous_35)
FNDA:0,(anonymous_36)
FNDA:0,(anonymous_37)
FNDA:0,(anonymous_38)
DA:14,1
DA:15,1
DA:16,1
DA:44,1
DA:50,36
DA:51,36
DA:52,36
DA:59,11
DA:72,11
DA:79,2
DA:81,2
DA:84,2
DA:85,2
DA:87,1
DA:94,1
DA:97,2
DA:98,2
DA:105,21
DA:106,21
DA:107,19
DA:112,3
DA:119,5
DA:120,5
DA:122,5
DA:123,4
DA:126,0
DA:135,1
DA:136,2
DA:143,1
DA:144,1
DA:145,3
DA:152,2
DA:153,2
DA:160,2
DA:161,2
DA:163,2
DA:164,1
DA:165,1
DA:166,1
DA:169,1
DA:176,2
DA:183,3
DA:184,3
DA:186,3
DA:187,14
DA:189,3
DA:190,4
DA:193,4
DA:194,0
DA:198,4
DA:199,1
DA:203,4
DA:204,6
DA:205,3
DA:210,4
DA:211,13
DA:212,13
DA:216,4
DA:218,4
DA:219,4
DA:224,3
DA:225,1
DA:228,4
DA:229,4
DA:237,1
DA:240,1
DA:241,1
DA:243,1
DA:244,1
DA:249,1
DA:254,1
DA:256,1
DA:257,1
DA:258,1
DA:259,1
DA:262,0
DA:265,1
DA:266,1
DA:268,1
DA:275,11
DA:286,10
DA:287,10
DA:290,10
DA:291,10
DA:292,160
DA:293,4
DA:298,10
DA:299,10
DA:300,140
DA:301,8
DA:305,10
DA:312,1
DA:335,0
DA:336,0
DA:338,0
DA:340,0
DA:341,0
DA:342,0
DA:343,0
DA:345,0
DA:346,0
DA:347,0
DA:350,0
DA:351,0
DA:352,0
DA:357,0
DA:358,0
DA:359,0
DA:360,0
DA:363,0
DA:364,0
DA:365,0
DA:369,0
DA:370,0
DA:372,0
DA:373,0
DA:374,0
DA:378,0
DA:379,0
DA:380,0
DA:381,0
DA:382,0
DA:384,0
DA:388,0
DA:389,0
DA:390,0
DA:391,0
DA:394,0
DA:395,0
DA:396,0
DA:398,0
DA:400,0
DA:404,0
DA:405,0
DA:406,0
DA:407,0
DA:410,0
DA:411,0
DA:412,0
DA:413,0
DA:415,0
DA:419,0
DA:420,0
DA:422,0
DA:423,0
DA:424,0
DA:428,0
DA:429,0
DA:430,0
DA:431,0
DA:434,0
DA:435,0
DA:436,0
DA:437,0
DA:438,0
DA:440,0
DA:444,0
DA:473,0
DA:479,1
DA:480,0
DA:481,0
DA:482,0
LF:162
LH:90
BRDA:50,0,0,36
BRDA:50,0,1,1
BRDA:65,1,0,11
BRDA:65,1,1,10
BRDA:85,2,0,1
BRDA:85,2,1,1
BRDA:106,3,0,19
BRDA:123,4,0,4
BRDA:123,4,1,1
BRDA:123,4,2,0
BRDA:123,4,3,0
BRDA:123,4,4,0
BRDA:123,4,5,0
BRDA:153,5,0,2
BRDA:153,5,1,1
BRDA:163,6,0,1
BRDA:193,7,0,0
BRDA:198,8,0,1
BRDA:204,9,0,3
BRDA:211,10,0,1
BRDA:212,11,0,5
BRDA:216,12,0,4
BRDA:216,12,1,1
BRDA:218,13,0,4
BRDA:228,14,0,4
BRDA:228,14,1,1
BRDA:240,15,0,1
BRDA:256,16,0,1
BRDA:256,16,1,0
BRDA:292,17,0,4
BRDA:300,18,0,8
BRDA:319,19,0,0
BRDA:319,19,1,1
BRDA:327,20,0,0
BRDA:327,20,1,1
BRDA:327,21,0,1
BRDA:327,21,1,0
BRDA:338,22,0,0
BRDA:338,22,1,0
BRDA:338,22,2,0
BRDA:338,22,3,0
BRDA:338,22,4,0
BRDA:338,22,5,0
BRDA:338,22,6,0
BRDA:338,22,7,0
BRDA:338,22,8,0
BRDA:341,23,0,0
BRDA:341,23,1,0
BRDA:345,24,0,0
BRDA:345,25,0,0
BRDA:345,25,1,0
BRDA:345,25,2,0
BRDA:358,26,0,0
BRDA:369,27,0,0
BRDA:369,27,1,0
BRDA:389,28,0,0
BRDA:395,29,0,0
BRDA:395,29,1,0
BRDA:405,30,0,0
BRDA:411,31,0,0
BRDA:419,32,0,0
BRDA:419,32,1,0
BRDA:429,33,0,0
BRDA:479,34,0,0
BRF:64
BRH:28
end_of_record
TN:
SF:src/services/mcp-config-service.ts
FN:54,(anonymous_0)
FN:62,(anonymous_1)
FN:96,(anonymous_2)
FN:138,(anonymous_3)
FN:140,(anonymous_4)
FN:146,(anonymous_5)
FN:148,(anonymous_6)
FN:154,(anonymous_7)
FN:156,(anonymous_8)
FN:162,(anonymous_9)
FN:180,(anonymous_10)
FN:207,(anonymous_11)
FN:232,(anonymous_12)
FN:257,(anonymous_13)
FN:273,(anonymous_14)
FN:281,(anonymous_15)
FN:293,(anonymous_16)
FN:304,(anonymous_17)
FN:309,(anonymous_18)
FN:317,(anonymous_19)
FN:319,(anonymous_20)
FN:334,(anonymous_21)
FN:365,(anonymous_22)
FN:366,(anonymous_23)
FN:370,(anonymous_24)
FN:407,(anonymous_25)
FN:451,(anonymous_26)
FNF:27
FNH:19
FNDA:27,(anonymous_0)
FNDA:27,(anonymous_1)
FNDA:7,(anonymous_2)
FNDA:3,(anonymous_3)
FNDA:2,(anonymous_4)
FNDA:3,(anonymous_5)
FNDA:5,(anonymous_6)
FNDA:5,(anonymous_7)
FNDA:11,(anonymous_8)
FNDA:8,(anonymous_9)
FNDA:6,(anonymous_10)
FNDA:0,(anonymous_11)
FNDA:4,(anonymous_12)
FNDA:5,(anonymous_13)
FNDA:0,(anonymous_14)
FNDA:2,(anonymous_15)
FNDA:2,(anonymous_16)
FNDA:1,(anonymous_17)
FNDA:2,(anonymous_18)
FNDA:2,(anonymous_19)
FNDA:2,(anonymous_20)
FNDA:0,(anonymous_21)
FNDA:0,(anonymous_22)
FNDA:0,(anonymous_23)
FNDA:0,(anonymous_24)
FNDA:0,(anonymous_25)
FNDA:0,(anonymous_26)
DA:14,1
DA:15,1
DA:16,1
DA:17,1
DA:18,1
DA:50,1
DA:55,27
DA:56,27
DA:63,27
DA:64,4
DA:67,23
DA:69,23
DA:75,23
DA:76,37
DA:77,16
DA:78,16
DA:79,16
DA:84,7
DA:85,7
DA:88,0
DA:89,0
DA:97,7
DA:139,3
DA:140,3
DA:147,3
DA:148,5
DA:155,5
DA:156,11
DA:163,8
DA:164,8
DA:166,8
DA:167,24
DA:168,18
DA:171,6
DA:174,8
DA:181,6
DA:182,6
DA:183,0
DA:187,6
DA:188,6
DA:189,6
DA:190,2
DA:196,4
DA:197,0
DA:198,0
DA:199,0
DA:200,0
DA:201,0
DA:203,0
DA:205,0
DA:206,0
DA:207,0
DA:208,0
DA:218,4
DA:219,0
DA:220,0
DA:221,0
DA:226,4
DA:233,4
DA:234,4
DA:235,4
DA:237,4
DA:240,4
DA:241,4
DA:245,4
DA:246,8
DA:247,1
DA:251,4
DA:258,5
DA:263,5
DA:264,1
DA:267,5
DA:274,0
DA:275,0
DA:282,2
DA:283,2
DA:284,2
DA:286,2
DA:287,2
DA:294,2
DA:295,2
DA:296,1
DA:298,1
DA:305,1
DA:306,1
DA:308,1
DA:309,1
DA:310,2
DA:311,2
DA:312,2
DA:314,2
DA:317,1
DA:318,2
DA:319,2
DA:320,2
DA:321,2
DA:322,2
DA:323,2
DA:325,2
DA:328,1
DA:335,0
DA:336,0
DA:338,0
DA:340,0
DA:343,0
DA:344,0
DA:345,0
DA:347,0
DA:350,0
DA:351,0
DA:355,0
DA:356,0
DA:357,0
DA:361,0
DA:362,0
DA:364,0
DA:365,0
DA:366,0
DA:368,0
DA:369,0
DA:370,0
DA:372,0
DA:373,0
DA:375,0
DA:379,0
DA:380,0
DA:381,0
DA:383,0
DA:384,0
DA:385,0
DA:386,0
DA:387,0
DA:391,0
DA:392,0
DA:393,0
DA:394,0
DA:398,0
DA:399,0
DA:400,0
DA:401,0
DA:404,0
DA:405,0
DA:407,0
DA:408,0
DA:413,0
DA:414,0
DA:415,0
DA:419,0
DA:444,0
DA:450,1
DA:451,0
DA:452,0
DA:453,0
LF:153
LH:83
BRDA:55,0,0,27
BRDA:55,0,1,1
BRDA:63,1,0,4
BRDA:76,2,0,16
BRDA:78,3,0,16
BRDA:78,3,1,0
BRDA:167,4,0,18
BRDA:182,5,0,0
BRDA:187,6,0,6
BRDA:189,7,0,2
BRDA:196,8,0,0
BRDA:199,9,0,0
BRDA:207,10,0,0
BRDA:218,11,0,0
BRDA:220,12,0,0
BRDA:246,13,0,1
BRDA:246,14,0,8
BRDA:246,14,1,1
BRDA:263,15,0,1
BRDA:284,16,0,2
BRDA:284,16,1,1
BRDA:295,17,0,1
BRDA:296,18,0,1
BRDA:296,18,1,0
BRDA:310,19,0,2
BRDA:310,19,1,0
BRDA:311,20,0,2
BRDA:320,21,0,1
BRDA:320,21,1,1
BRDA:321,22,0,0
BRDA:321,22,1,2
BRDA:338,23,0,0
BRDA:338,23,1,0
BRDA:338,23,2,0
BRDA:338,23,3,0
BRDA:338,23,4,0
BRDA:338,23,5,0
BRDA:338,23,6,0
BRDA:343,24,0,0
BRDA:343,24,1,0
BRDA:368,25,0,0
BRDA:368,25,1,0
BRDA:399,26,0,0
BRDA:408,27,0,0
BRDA:408,27,1,0
BRDA:408,27,2,0
BRDA:450,28,0,0
BRF:47
BRH:21
end_of_record
TN:
SF:src/services/mcp-integration.ts
FN:39,(anonymous_0)
FN:71,(anonymous_1)
FN:100,(anonymous_2)
FN:134,(anonymous_3)
FN:137,(anonymous_4)
FNF:5
FNH:0
FNDA:0,(anonymous_0)
FNDA:0,(anonymous_1)
FNDA:0,(anonymous_2)
FNDA:0,(anonymous_3)
FNDA:0,(anonymous_4)
DA:8,0
DA:35,0
DA:40,0
DA:46,0
DA:47,0
DA:49,0
DA:50,0
DA:51,0
DA:55,0
DA:56,0
DA:58,0
DA:59,0
DA:60,0
DA:61,0
DA:62,0
DA:65,0
DA:72,0
DA:73,0
DA:76,0
DA:77,0
DA:78,0
DA:79,0
DA:84,0
DA:90,0
DA:101,0
DA:102,0
DA:104,0
DA:105,0
DA:106,0
DA:111,0
DA:117,0
DA:127,0
DA:131,0
DA:132,0
DA:134,0
DA:135,0
DA:136,0
DA:138,0
DA:139,0
LF:39
LH:0
BRDA:49,0,0,0
BRDA:58,1,0,0
BRDA:127,2,0,0
BRDA:127,2,1,0
BRDA:127,2,2,0
BRDA:131,3,0,0
BRF:6
BRH:0
end_of_record
TN:
SF:src/services/quality-gates.ts
FN:33,(anonymous_9)
FN:41,(anonymous_10)
FN:64,(anonymous_11)
FN:112,(anonymous_12)
FN:174,(anonymous_13)
FN:222,(anonymous_14)
FN:247,(anonymous_15)
FN:294,(anonymous_16)
FN:311,(anonymous_17)
FN:312,(anonymous_18)
FN:342,(anonymous_19)
FN:392,(anonymous_20)
FNF:12
FNH:0
FNDA:0,(anonymous_9)
FNDA:0,(anonymous_10)
FNDA:0,(anonymous_11)
FNDA:0,(anonymous_12)
FNDA:0,(anonymous_13)
FNDA:0,(anonymous_14)
FNDA:0,(anonymous_15)
FNDA:0,(anonymous_16)
FNDA:0,(anonymous_17)
FNDA:0,(anonymous_18)
FNDA:0,(anonymous_19)
FNDA:0,(anonymous_20)
DA:7,0
DA:8,0
DA:9,0
DA:29,0
DA:34,0
DA:35,0
DA:42,0
DA:49,0
DA:53,0
DA:65,0
DA:67,0
DA:69,0
DA:70,0
DA:71,0
DA:78,0
DA:83,0
DA:85,0
DA:86,0
DA:92,0
DA:93,0
DA:101,0
DA:113,0
DA:115,0
DA:117,0
DA:118,0
DA:119,0
DA:126,0
DA:131,0
DA:134,0
DA:135,0
DA:137,0
DA:138,0
DA:145,0
DA:146,0
DA:154,0
DA:163,0
DA:175,0
DA:177,0
DA:179,0
DA:180,0
DA:181,0
DA:188,0
DA:193,0
DA:195,0
DA:196,0
DA:202,0
DA:203,0
DA:211,0
DA:223,0
DA:225,0
DA:227,0
DA:228,0
DA:229,0
DA:237,0
DA:238,0
DA:239,0
DA:247,0
DA:248,0
DA:249,0
DA:251,0
DA:253,0
DA:254,0
DA:262,0
DA:264,0
DA:269,0
DA:270,0
DA:276,0
DA:283,0
DA:295,0
DA:296,0
DA:297,0
DA:298,0
DA:301,0
DA:302,0
DA:304,0
DA:312,0
DA:313,0
DA:314,0
DA:315,0
DA:316,0
DA:317,0
DA:321,0
DA:334,0
DA:337,0
DA:338,0
DA:340,0
DA:342,0
DA:343,0
DA:345,0
DA:346,0
DA:347,0
DA:351,0
DA:352,0
DA:353,0
DA:357,0
DA:358,0
DA:359,0
DA:363,0
DA:364,0
DA:365,0
DA:369,0
DA:370,0
DA:371,0
DA:375,0
DA:390,0
DA:393,0
DA:394,0
LF:107
LH:0
BRDA:33,0,0,0
BRDA:34,1,0,0
BRDA:34,1,1,0
BRDA:49,2,0,0
BRDA:49,2,1,0
BRDA:49,2,2,0
BRDA:70,3,0,0
BRDA:85,4,0,0
BRDA:85,4,1,0
BRDA:92,5,0,0
BRDA:92,5,1,0
BRDA:118,6,0,0
BRDA:134,7,0,0
BRDA:134,7,1,0
BRDA:135,8,0,0
BRDA:135,8,1,0
BRDA:137,9,0,0
BRDA:137,9,1,0
BRDA:145,10,0,0
BRDA:145,10,1,0
BRDA:145,11,0,0
BRDA:145,11,1,0
BRDA:180,12,0,0
BRDA:195,13,0,0
BRDA:195,13,1,0
BRDA:202,14,0,0
BRDA:202,14,1,0
BRDA:228,15,0,0
BRDA:238,16,0,0
BRDA:253,17,0,0
BRDA:264,18,0,0
BRDA:264,18,1,0
BRDA:264,18,2,0
BRDA:264,18,3,0
BRDA:269,19,0,0
BRDA:269,19,1,0
BRDA:297,20,0,0
BRDA:313,21,0,0
BRDA:313,21,1,0
BRDA:313,21,2,0
BRDA:313,21,3,0
BRDA:323,22,0,0
BRDA:323,22,1,0
BRDA:324,23,0,0
BRDA:324,23,1,0
BRDA:325,24,0,0
BRDA:325,24,1,0
BRDA:327,25,0,0
BRDA:327,25,1,0
BRDA:334,26,0,0
BRDA:334,26,1,0
BRDA:334,26,2,0
BRDA:337,27,0,0
BRDA:343,28,0,0
BRDA:343,28,1,0
BRDA:343,28,2,0
BRDA:343,28,3,0
BRDA:343,28,4,0
BRDA:343,28,5,0
BRDA:347,29,0,0
BRDA:347,29,1,0
BRDA:353,30,0,0
BRDA:353,30,1,0
BRDA:359,31,0,0
BRDA:359,31,1,0
BRDA:365,32,0,0
BRDA:365,32,1,0
BRDA:371,33,0,0
BRDA:371,33,1,0
BRF:69
BRH:0
end_of_record
TN:
SF:src/services/state-manager.ts
FN:58,(anonymous_0)
FN:65,(anonymous_1)
FN:109,(anonymous_2)
FN:121,(anonymous_3)
FN:134,(anonymous_4)
FN:145,(anonymous_5)
FN:153,(anonymous_6)
FN:177,(anonymous_7)
FN:188,(anonymous_8)
FN:199,(anonymous_9)
FN:210,(anonymous_10)
FN:221,(anonymous_11)
FN:232,(anonymous_12)
FN:243,(anonymous_13)
FN:257,(anonymous_14)
FN:267,(anonymous_15)
FN:278,(anonymous_16)
FN:289,(anonymous_17)
FN:302,(anonymous_18)
FN:319,(anonymous_19)
FN:360,(anonymous_20)
FNF:21
FNH:0
FNDA:0,(anonymous_0)
FNDA:0,(anonymous_1)
FNDA:0,(anonymous_2)
FNDA:0,(anonymous_3)
FNDA:0,(anonymous_4)
FNDA:0,(anonymous_5)
FNDA:0,(anonymous_6)
FNDA:0,(anonymous_7)
FNDA:0,(anonymous_8)
FNDA:0,(anonymous_9)
FNDA:0,(anonymous_10)
FNDA:0,(anonymous_11)
FNDA:0,(anonymous_12)
FNDA:0,(anonymous_13)
FNDA:0,(anonymous_14)
FNDA:0,(anonymous_15)
FNDA:0,(anonymous_16)
FNDA:0,(anonymous_17)
FNDA:0,(anonymous_18)
FNDA:0,(anonymous_19)
FNDA:0,(anonymous_20)
DA:7,0
DA:8,0
DA:55,0
DA:59,0
DA:67,0
DA:68,0
DA:69,0
DA:70,0
DA:73,0
DA:74,0
DA:75,0
DA:84,0
DA:88,0
DA:89,0
DA:90,0
DA:97,0
DA:98,0
DA:99,0
DA:110,0
DA:111,0
DA:112,0
DA:114,0
DA:115,0
DA:122,0
DA:123,0
DA:124,0
DA:125,0
DA:127,0
DA:128,0
DA:135,0
DA:136,0
DA:137,0
DA:139,0
DA:146,0
DA:147,0
DA:154,0
DA:156,0
DA:157,0
DA:159,0
DA:167,0
DA:168,0
DA:170,0
DA:171,0
DA:178,0
DA:180,0
DA:181,0
DA:184,0
DA:185,0
DA:188,0
DA:189,0
DA:190,0
DA:193,0
DA:200,0
DA:202,0
DA:203,0
DA:206,0
DA:207,0
DA:210,0
DA:211,0
DA:212,0
DA:215,0
DA:222,0
DA:223,0
DA:224,0
DA:226,0
DA:233,0
DA:234,0
DA:244,0
DA:251,0
DA:258,0
DA:259,0
DA:260,0
DA:268,0
DA:269,0
DA:270,0
DA:272,0
DA:279,0
DA:280,0
DA:290,0
DA:291,0
DA:296,0
DA:303,0
DA:310,0
DA:313,0
DA:314,0
DA:315,0
DA:317,0
DA:319,0
DA:320,0
DA:322,0
DA:323,0
DA:324,0
DA:327,0
DA:328,0
DA:329,0
DA:331,0
DA:332,0
DA:333,0
DA:336,0
DA:337,0
DA:338,0
DA:340,0
DA:341,0
DA:342,0
DA:345,0
DA:358,0
DA:361,0
DA:362,0
LF:108
LH:0
BRDA:74,0,0,0
BRDA:89,1,0,0
BRDA:98,2,0,0
BRDA:111,3,0,0
BRDA:124,4,0,0
BRDA:136,5,0,0
BRDA:180,6,0,0
BRDA:189,7,0,0
BRDA:202,8,0,0
BRDA:211,9,0,0
BRDA:223,10,0,0
BRDA:259,11,0,0
BRDA:269,12,0,0
BRDA:310,13,0,0
BRDA:310,13,1,0
BRDA:310,13,2,0
BRDA:313,14,0,0
BRDA:320,15,0,0
BRDA:320,15,1,0
BRDA:320,15,2,0
BRDA:320,15,3,0
BRDA:327,16,0,0
BRDA:336,17,0,0
BRDA:336,18,0,0
BRDA:336,18,1,0
BRF:25
BRH:0
end_of_record
TN:
SF:src/services/suggest-service.ts
FN:32,(anonymous_0)
FN:39,(anonymous_1)
FN:72,(anonymous_2)
FN:92,(anonymous_3)
FN:105,(anonymous_4)
FN:130,(anonymous_5)
FN:175,(anonymous_6)
FN:214,(anonymous_7)
FN:226,(anonymous_8)
FN:290,(anonymous_9)
FN:314,(anonymous_10)
FN:335,(anonymous_11)
FN:352,(anonymous_12)
FN:380,(anonymous_13)
FN:389,(anonymous_14)
FN:399,(anonymous_15)
FNF:16
FNH:0
FNDA:0,(anonymous_0)
FNDA:0,(anonymous_1)
FNDA:0,(anonymous_2)
FNDA:0,(anonymous_3)
FNDA:0,(anonymous_4)
FNDA:0,(anonymous_5)
FNDA:0,(anonymous_6)
FNDA:0,(anonymous_7)
FNDA:0,(anonymous_8)
FNDA:0,(anonymous_9)
FNDA:0,(anonymous_10)
FNDA:0,(anonymous_11)
FNDA:0,(anonymous_12)
FNDA:0,(anonymous_13)
FNDA:0,(anonymous_14)
FNDA:0,(anonymous_15)
DA:7,0
DA:8,0
DA:9,0
DA:28,0
DA:30,0
DA:33,0
DA:40,0
DA:41,0
DA:44,0
DA:45,0
DA:47,0
DA:48,0
DA:49,0
DA:51,0
DA:52,0
DA:58,0
DA:63,0
DA:66,0
DA:77,0
DA:78,0
DA:81,0
DA:84,0
DA:85,0
DA:86,0
DA:87,0
DA:92,0
DA:94,0
DA:111,0
DA:114,0
DA:117,0
DA:119,0
DA:131,0
DA:157,0
DA:158,0
DA:160,0
DA:161,0
DA:162,0
DA:163,0
DA:164,0
DA:169,0
DA:177,0
DA:178,0
DA:180,0
DA:181,0
DA:183,0
DA:184,0
DA:186,0
DA:187,0
DA:189,0
DA:190,0
DA:192,0
DA:193,0
DA:195,0
DA:196,0
DA:198,0
DA:199,0
DA:201,0
DA:202,0
DA:204,0
DA:205,0
DA:208,0
DA:220,0
DA:221,0
DA:224,0
DA:226,0
DA:229,0
DA:232,0
DA:235,0
DA:236,0
DA:237,0
DA:238,0
DA:239,0
DA:240,0
DA:241,0
DA:246,0
DA:259,0
DA:260,0
DA:261,0
DA:262,0
DA:263,0
DA:269,0
DA:271,0
DA:272,0
DA:273,0
DA:277,0
DA:291,0
DA:294,0
DA:297,0
DA:298,0
DA:299,0
DA:300,0
DA:302,0
DA:303,0
DA:304,0
DA:308,0
DA:315,0
DA:317,0
DA:328,0
DA:329,0
DA:337,0
DA:339,0
DA:340,0
DA:341,0
DA:343,0
DA:344,0
DA:346,0
DA:353,0
DA:366,0
DA:370,0
DA:371,0
DA:372,0
DA:374,0
DA:375,0
DA:376,0
DA:379,0
DA:381,0
DA:382,0
DA:383,0
DA:384,0
DA:385,0
DA:387,0
DA:388,0
DA:389,0
DA:390,0
DA:392,0
DA:395,0
DA:396,0
DA:397,0
DA:400,0
DA:401,0
LF:130
LH:0
BRDA:33,0,0,0
BRDA:33,0,1,0
BRDA:40,1,0,0
BRDA:86,2,0,0
BRDA:95,3,0,0
BRDA:95,3,1,0
BRDA:162,4,0,0
BRDA:177,5,0,0
BRDA:177,6,0,0
BRDA:177,6,1,0
BRDA:177,6,2,0
BRDA:180,7,0,0
BRDA:180,8,0,0
BRDA:180,8,1,0
BRDA:180,8,2,0
BRDA:180,8,3,0
BRDA:183,9,0,0
BRDA:183,10,0,0
BRDA:183,10,1,0
BRDA:183,10,2,0
BRDA:186,11,0,0
BRDA:186,12,0,0
BRDA:186,12,1,0
BRDA:186,12,2,0
BRDA:189,13,0,0
BRDA:189,14,0,0
BRDA:189,14,1,0
BRDA:189,14,2,0
BRDA:189,14,3,0
BRDA:192,15,0,0
BRDA:192,16,0,0
BRDA:192,16,1,0
BRDA:192,16,2,0
BRDA:195,17,0,0
BRDA:195,18,0,0
BRDA:195,18,1,0
BRDA:195,18,2,0
BRDA:198,19,0,0
BRDA:198,20,0,0
BRDA:198,20,1,0
BRDA:198,20,2,0
BRDA:201,21,0,0
BRDA:201,22,0,0
BRDA:201,22,1,0
BRDA:201,22,2,0
BRDA:204,23,0,0
BRDA:204,24,0,0
BRDA:204,24,1,0
BRDA:204,24,2,0
BRDA:204,24,3,0
BRDA:224,25,0,0
BRDA:224,25,1,0
BRDA:236,26,0,0
BRDA:236,26,1,0
BRDA:239,27,0,0
BRDA:239,28,0,0
BRDA:239,28,1,0
BRDA:259,29,0,0
BRDA:261,30,0,0
BRDA:261,31,0,0
BRDA:261,31,1,0
BRDA:269,32,0,0
BRDA:271,33,0,0
BRDA:282,34,0,0
BRDA:282,34,1,0
BRDA:299,35,0,0
BRDA:300,36,0,0
BRDA:300,36,1,0
BRDA:302,37,0,0
BRDA:302,37,1,0
BRDA:328,38,0,0
BRDA:328,38,1,0
BRDA:328,39,0,0
BRDA:328,39,1,0
BRDA:329,40,0,0
BRDA:329,40,1,0
BRDA:337,41,0,0
BRDA:337,41,1,0
BRDA:339,42,0,0
BRDA:339,43,0,0
BRDA:339,43,1,0
BRDA:340,44,0,0
BRDA:343,45,0,0
BRDA:366,46,0,0
BRDA:366,46,1,0
BRDA:366,46,2,0
BRDA:370,47,0,0
BRDA:372,48,0,0
BRDA:372,48,1,0
BRDA:374,49,0,0
BRDA:387,50,0,0
BRF:91
BRH:0
end_of_record
TN:
SF:src/services/tdd-service.ts
FN:50,(anonymous_0)
FN:61,(anonymous_1)
FN:69,(anonymous_2)
FN:92,(anonymous_3)
FN:119,(anonymous_4)
FN:129,(anonymous_5)
FN:184,(anonymous_6)
FN:191,(anonymous_7)
FN:247,(anonymous_8)
FN:270,(anonymous_9)
FN:273,(anonymous_10)
FN:281,(anonymous_11)
FN:289,(anonymous_12)
FN:338,(anonymous_13)
FN:358,(anonymous_14)
FN:377,(anonymous_15)
FN:395,(anonymous_16)
FN:412,(anonymous_17)
FN:429,(anonymous_18)
FN:463,(anonymous_19)
FN:470,(anonymous_20)
FN:487,(anonymous_21)
FN:542,(anonymous_22)
FNF:23
FNH:0
FNDA:0,(anonymous_0)
FNDA:0,(anonymous_1)
FNDA:0,(anonymous_2)
FNDA:0,(anonymous_3)
FNDA:0,(anonymous_4)
FNDA:0,(anonymous_5)
FNDA:0,(anonymous_6)
FNDA:0,(anonymous_7)
FNDA:0,(anonymous_8)
FNDA:0,(anonymous_9)
FNDA:0,(anonymous_10)
FNDA:0,(anonymous_11)
FNDA:0,(anonymous_12)
FNDA:0,(anonymous_13)
FNDA:0,(anonymous_14)
FNDA:0,(anonymous_15)
FNDA:0,(anonymous_16)
FNDA:0,(anonymous_17)
FNDA:0,(anonymous_18)
FNDA:0,(anonymous_19)
FNDA:0,(anonymous_20)
FNDA:0,(anonymous_21)
FNDA:0,(anonymous_22)
DA:14,0
DA:15,0
DA:16,0
DA:40,0
DA:50,0
DA:51,0
DA:52,0
DA:53,0
DA:54,0
DA:57,0
DA:62,0
DA:63,0
DA:70,0
DA:71,0
DA:72,0
DA:73,0
DA:76,0
DA:77,0
DA:79,0
DA:80,0
DA:81,0
DA:83,0
DA:85,0
DA:93,0
DA:95,0
DA:98,0
DA:100,0
DA:101,0
DA:104,0
DA:106,0
DA:108,0
DA:110,0
DA:112,0
DA:121,0
DA:122,0
DA:123,0
DA:130,0
DA:185,0
DA:192,0
DA:248,0
DA:271,0
DA:272,0
DA:273,0
DA:274,0
DA:282,0
DA:283,0
DA:290,0
DA:292,0
DA:294,0
DA:296,0
DA:299,0
DA:302,0
DA:303,0
DA:305,0
DA:306,0
DA:308,0
DA:312,0
DA:313,0
DA:318,0
DA:319,0
DA:321,0
DA:322,0
DA:323,0
DA:324,0
DA:325,0
DA:328,0
DA:330,0
DA:331,0
DA:339,0
DA:345,0
DA:347,0
DA:359,0
DA:364,0
DA:366,0
DA:379,0
DA:380,0
DA:381,0
DA:382,0
DA:384,0
DA:396,0
DA:413,0
DA:430,0
DA:431,0
DA:434,0
DA:435,0
DA:436,0
DA:437,0
DA:440,0
DA:441,0
DA:442,0
DA:443,0
DA:446,0
DA:447,0
DA:448,0
DA:449,0
DA:452,0
DA:453,0
DA:454,0
DA:456,0
DA:457,0
DA:464,0
DA:471,0
DA:472,0
DA:473,0
DA:474,0
DA:477,0
DA:478,0
DA:480,0
DA:488,0
DA:489,0
DA:491,0
DA:493,0
DA:494,0
DA:495,0
DA:496,0
DA:497,0
DA:499,0
DA:500,0
DA:504,0
DA:505,0
DA:506,0
DA:510,0
DA:511,0
DA:512,0
DA:516,0
DA:535,0
DA:541,0
DA:542,0
DA:543,0
DA:544,0
LF:130
LH:0
BRDA:50,0,0,0
BRDA:50,0,1,0
BRDA:62,1,0,0
BRDA:62,1,1,0
BRDA:72,2,0,0
BRDA:79,3,0,0
BRDA:80,4,0,0
BRDA:81,5,0,0
BRDA:104,6,0,0
BRDA:104,6,1,0
BRDA:104,6,2,0
BRDA:104,6,3,0
BRDA:271,7,0,0
BRDA:271,7,1,0
BRDA:290,8,0,0
BRDA:290,8,1,0
BRDA:299,9,0,0
BRDA:299,9,1,0
BRDA:299,9,2,0
BRDA:299,9,3,0
BRDA:313,10,0,0
BRDA:313,10,1,0
BRDA:313,10,2,0
BRDA:313,10,3,0
BRDA:318,11,0,0
BRDA:318,11,1,0
BRDA:385,12,0,0
BRDA:385,12,1,0
BRDA:386,13,0,0
BRDA:386,13,1,0
BRDA:387,14,0,0
BRDA:387,14,1,0
BRDA:388,15,0,0
BRDA:388,15,1,0
BRDA:473,16,0,0
BRDA:478,17,0,0
BRDA:478,17,1,0
BRDA:491,18,0,0
BRDA:491,18,1,0
BRDA:491,18,2,0
BRDA:491,18,3,0
BRDA:494,19,0,0
BRDA:494,19,1,0
BRDA:495,20,0,0
BRDA:504,21,0,0
BRDA:504,21,1,0
BRDA:510,22,0,0
BRDA:510,22,1,0
BRDA:541,23,0,0
BRF:49
BRH:0
end_of_record
TN:
SF:src/services/token-counter.ts
FN:20,(anonymous_0)
FN:38,(anonymous_1)
FN:49,(anonymous_2)
FN:56,(anonymous_3)
FN:57,(anonymous_4)
FN:72,(anonymous_5)
FNF:6
FNH:0
FNDA:0,(anonymous_0)
FNDA:0,(anonymous_1)
FNDA:0,(anonymous_2)
FNDA:0,(anonymous_3)
FNDA:0,(anonymous_4)
FNDA:0,(anonymous_5)
DA:7,0
DA:15,0
DA:21,0
DA:22,0
DA:23,0
DA:29,0
DA:30,0
DA:39,0
DA:50,0
DA:57,0
DA:58,0
DA:59,0
DA:66,0
DA:73,0
DA:79,0
DA:83,0
DA:84,0
DA:85,0
DA:86,0
DA:87,0
DA:90,0
DA:91,0
LF:22
LH:0
BRDA:62,0,0,0
BRDA:62,0,1,0
BRDA:62,1,0,0
BRDA:62,1,1,0
BRDA:79,2,0,0
BRDA:79,2,1,0
BRDA:79,2,2,0
BRDA:83,3,0,0
BRDA:84,4,0,0
BRDA:84,4,1,0
BRDA:85,5,0,0
BRF:11
BRH:0
end_of_record
TN:
SF:src/services/token-monitor-v2.ts
FN:40,(anonymous_0)
FN:53,(anonymous_1)
FN:116,(anonymous_2)
FN:126,(anonymous_3)
FN:142,(anonymous_4)
FN:156,(anonymous_5)
FN:178,(anonymous_6)
FN:207,(anonymous_7)
FN:235,(anonymous_8)
FNF:9
FNH:0
FNDA:0,(anonymous_0)
FNDA:0,(anonymous_1)
FNDA:0,(anonymous_2)
FNDA:0,(anonymous_3)
FNDA:0,(anonymous_4)
FNDA:0,(anonymous_5)
FNDA:0,(anonymous_6)
FNDA:0,(anonymous_7)
FNDA:0,(anonymous_8)
DA:7,0
DA:8,0
DA:9,0
DA:18,0
DA:35,0
DA:45,0
DA:46,0
DA:47,0
DA:54,0
DA:55,0
DA:58,0
DA:67,0
DA:68,0
DA:69,0
DA:70,0
DA:71,0
DA:76,0
DA:79,0
DA:80,0
DA:83,0
DA:84,0
DA:86,0
DA:87,0
DA:89,0
DA:90,0
DA:92,0
DA:93,0
DA:95,0
DA:96,0
DA:99,0
DA:108,0
DA:109,0
DA:117,0
DA:118,0
DA:119,0
DA:120,0
DA:127,0
DA:129,0
DA:131,0
DA:133,0
DA:135,0
DA:143,0
DA:144,0
DA:157,0
DA:158,0
DA:160,0
DA:161,0
DA:162,0
DA:163,0
DA:164,0
DA:165,0
DA:166,0
DA:168,0
DA:171,0
DA:172,0
DA:179,0
DA:181,0
DA:182,0
DA:189,0
DA:199,0
DA:202,0
DA:203,0
DA:205,0
DA:207,0
DA:208,0
DA:210,0
DA:211,0
DA:212,0
DA:216,0
DA:217,0
DA:218,0
DA:222,0
DA:233,0
DA:236,0
DA:237,0
LF:75
LH:0
BRDA:45,0,0,0
BRDA:45,0,1,0
BRDA:47,1,0,0
BRDA:47,1,1,0
BRDA:69,2,0,0
BRDA:84,3,0,0
BRDA:84,3,1,0
BRDA:84,3,2,0
BRDA:84,3,3,0
BRDA:117,4,0,0
BRDA:118,5,0,0
BRDA:119,6,0,0
BRDA:127,7,0,0
BRDA:127,7,1,0
BRDA:127,7,2,0
BRDA:127,7,3,0
BRDA:156,8,0,0
BRDA:161,9,0,0
BRDA:161,9,1,0
BRDA:163,10,0,0
BRDA:163,10,1,0
BRDA:165,11,0,0
BRDA:165,11,1,0
BRDA:181,12,0,0
BRDA:181,13,0,0
BRDA:181,13,1,0
BRDA:184,14,0,0
BRDA:184,14,1,0
BRDA:199,15,0,0
BRDA:199,15,1,0
BRDA:199,15,2,0
BRDA:202,16,0,0
BRDA:208,17,0,0
BRDA:208,17,1,0
BRDA:208,17,2,0
BRDA:218,18,0,0
BRDA:218,18,1,0
BRF:37
BRH:0
end_of_record
TN:
SF:src/utils/file-utils.ts
FN:16,(anonymous_1)
FN:28,(anonymous_2)
FN:40,(anonymous_3)
FN:47,(anonymous_4)
FN:56,(anonymous_5)
FN:64,(anonymous_6)
FN:72,(anonymous_7)
FN:79,(anonymous_8)
FN:86,(anonymous_9)
FN:90,(anonymous_10)
FN:91,(anonymous_11)
FN:100,(anonymous_12)
FN:111,(anonymous_13)
FN:118,(anonymous_14)
FN:125,(anonymous_15)
FN:134,(anonymous_16)
FNF:16
FNH:0
FNDA:0,(anonymous_1)
FNDA:0,(anonymous_2)
FNDA:0,(anonymous_3)
FNDA:0,(anonymous_4)
FNDA:0,(anonymous_5)
FNDA:0,(anonymous_6)
FNDA:0,(anonymous_7)
FNDA:0,(anonymous_8)
FNDA:0,(anonymous_9)
FNDA:0,(anonymous_10)
FNDA:0,(anonymous_11)
FNDA:0,(anonymous_12)
FNDA:0,(anonymous_13)
FNDA:0,(anonymous_14)
FNDA:0,(anonymous_15)
FNDA:0,(anonymous_16)
DA:6,3
DA:7,3
DA:8,3
DA:9,3
DA:11,3
DA:17,0
DA:29,0
DA:30,0
DA:31,0
DA:33,0
DA:41,0
DA:48,0
DA:49,0
DA:50,0
DA:57,0
DA:58,0
DA:65,0
DA:66,0
DA:73,0
DA:80,0
DA:87,0
DA:88,0
DA:89,0
DA:90,0
DA:91,0
DA:93,0
DA:103,0
DA:104,0
DA:105,0
DA:112,0
DA:119,0
DA:126,0
DA:127,0
DA:128,0
DA:135,0
LF:35
LH:5
BRDA:18,0,0,0
BRDA:18,0,1,0
BRF:2
BRH:0
end_of_record
TN:
SF:src/utils/path-utils.ts
FN:13,(anonymous_1)
FN:20,(anonymous_2)
FN:27,(anonymous_3)
FN:35,(anonymous_4)
FN:59,(anonymous_5)
FN:71,(anonymous_6)
FN:78,(anonymous_7)
FN:86,(anonymous_8)
FN:102,(anonymous_9)
FN:110,(anonymous_10)
FN:118,(anonymous_11)
FN:126,(anonymous_12)
FN:136,(anonymous_13)
FN:148,(anonymous_14)
FN:156,(anonymous_15)
FN:166,(anonymous_16)
FNF:16
FNH:0
FNDA:0,(anonymous_1)
FNDA:0,(anonymous_2)
FNDA:0,(anonymous_3)
FNDA:0,(anonymous_4)
FNDA:0,(anonymous_5)
FNDA:0,(anonymous_6)
FNDA:0,(anonymous_7)
FNDA:0,(anonymous_8)
FNDA:0,(anonymous_9)
FNDA:0,(anonymous_10)
FNDA:0,(anonymous_11)
FNDA:0,(anonymous_12)
FNDA:0,(anonymous_13)
FNDA:0,(anonymous_14)
FNDA:0,(anonymous_15)
FNDA:0,(anonymous_16)
DA:6,0
DA:7,0
DA:9,0
DA:14,0
DA:21,0
DA:28,0
DA:37,0
DA:38,0
DA:42,0
DA:44,0
DA:46,0
DA:47,0
DA:49,0
DA:52,0
DA:61,0
DA:62,0
DA:65,0
DA:72,0
DA:79,0
DA:88,0
DA:89,0
DA:92,0
DA:93,0
DA:96,0
DA:103,0
DA:112,0
DA:120,0
DA:127,0
DA:128,0
DA:137,0
DA:138,0
DA:139,0
DA:141,0
DA:149,0
DA:158,0
DA:159,0
DA:167,0
DA:171,0
DA:172,0
DA:175,0
LF:40
LH:0
BRDA:37,0,0,0
BRDA:37,1,0,0
BRDA:37,1,1,0
BRDA:42,2,0,0
BRDA:42,2,1,0
BRDA:44,3,0,0
BRDA:49,4,0,0
BRDA:49,4,1,0
BRDA:61,5,0,0
BRDA:61,6,0,0
BRDA:61,6,1,0
BRDA:88,7,0,0
BRDA:92,8,0,0
BRDA:127,9,0,0
BRDA:127,9,1,0
BRDA:127,9,2,0
BRDA:137,10,0,0
BRDA:137,10,1,0
BRDA:138,11,0,0
BRDA:138,11,1,0
BRDA:171,12,0,0
BRDA:171,13,0,0
BRDA:171,13,1,0
BRF:23
BRH:0
end_of_record
TN:
SF:src/utils/process-utils.ts
FN:22,(anonymous_0)
FN:48,(anonymous_1)
FN:57,(anonymous_2)
FN:71,(anonymous_3)
FN:77,(anonymous_4)
FN:82,(anonymous_5)
FN:86,(anonymous_6)
FN:95,(anonymous_7)
FN:111,(anonymous_8)
FN:118,(anonymous_9)
FN:125,(anonymous_10)
FN:143,(anonymous_11)
FNF:12
FNH:1
FNDA:0,(anonymous_0)
FNDA:0,(anonymous_1)
FNDA:0,(anonymous_2)
FNDA:0,(anonymous_3)
FNDA:0,(anonymous_4)
FNDA:0,(anonymous_5)
FNDA:0,(anonymous_6)
FNDA:0,(anonymous_7)
FNDA:0,(anonymous_8)
FNDA:0,(anonymous_9)
FNDA:2,(anonymous_10)
FNDA:0,(anonymous_11)
DA:6,3
DA:7,3
DA:9,3
DA:17,3
DA:23,0
DA:24,0
DA:31,0
DA:37,0
DA:57,0
DA:59,0
DA:60,0
DA:64,0
DA:70,0
DA:71,0
DA:72,0
DA:76,0
DA:77,0
DA:78,0
DA:82,0
DA:83,0
DA:86,0
DA:87,0
DA:96,0
DA:100,0
DA:101,0
DA:102,0
DA:104,0
DA:112,0
DA:119,0
DA:131,2
DA:132,2
DA:144,0
LF:32
LH:6
BRDA:26,0,0,0
BRDA:26,0,1,0
BRDA:38,1,0,0
BRDA:38,1,1,0
BRDA:39,2,0,0
BRDA:39,2,1,0
BRDA:40,3,0,0
BRDA:40,3,1,0
BRDA:59,4,0,0
BRDA:59,4,1,0
BRDA:60,5,0,0
BRDA:60,5,1,0
BRDA:70,6,0,0
BRDA:76,7,0,0
BRDA:83,8,0,0
BRDA:83,8,1,0
BRDA:96,9,0,0
BRDA:96,9,1,0
BRDA:112,10,0,0
BRDA:112,10,1,0
BRDA:143,11,0,0
BRF:21
BRH:0
end_of_record
TN:
SF:src/utils/test-helpers.ts
FN:18,(anonymous_0)
FN:20,(anonymous_1)
FN:25,(anonymous_2)
FN:32,(anonymous_3)
FN:39,(anonymous_4)
FN:46,(anonymous_5)
FN:53,(anonymous_6)
FN:60,(anonymous_7)
FN:67,(anonymous_8)
FN:71,(anonymous_9)
FN:80,(anonymous_10)
FN:86,(anonymous_11)
FN:94,(anonymous_12)
FN:99,(anonymous_13)
FN:112,(anonymous_14)
FN:113,(anonymous_15)
FN:120,(anonymous_16)
FN:124,(anonymous_17)
FN:127,(anonymous_18)
FN:128,(anonymous_19)
FN:134,(anonymous_20)
FN:135,(anonymous_21)
FN:142,(anonymous_22)
FN:148,(anonymous_23)
FN:158,(anonymous_24)
FN:169,(anonymous_25)
FN:181,(anonymous_26)
FN:194,(anonymous_27)
FN:210,(anonymous_28)
FN:223,(anonymous_29)
FN:239,(anonymous_30)
FN:254,(anonymous_31)
FN:268,(anonymous_32)
FN:282,(anonymous_33)
FN:305,(anonymous_34)
FN:312,(anonymous_35)
FN:316,(anonymous_36)
FN:345,(anonymous_37)
FN:348,(anonymous_38)
FN:351,(anonymous_39)
FN:361,(anonymous_40)
FN:370,(anonymous_41)
FN:388,(anonymous_42)
FN:400,(anonymous_43)
FN:429,(anonymous_44)
FN:447,(anonymous_45)
FN:455,(anonymous_46)
FN:462,(anonymous_47)
FN:469,(anonymous_48)
FN:481,waitFor
FN:482,(anonymous_50)
FN:488,flushPromises
FN:489,(anonymous_52)
FNF:53
FNH:0
FNDA:0,(anonymous_0)
FNDA:0,(anonymous_1)
FNDA:0,(anonymous_2)
FNDA:0,(anonymous_3)
FNDA:0,(anonymous_4)
FNDA:0,(anonymous_5)
FNDA:0,(anonymous_6)
FNDA:0,(anonymous_7)
FNDA:0,(anonymous_8)
FNDA:0,(anonymous_9)
FNDA:0,(anonymous_10)
FNDA:0,(anonymous_11)
FNDA:0,(anonymous_12)
FNDA:0,(anonymous_13)
FNDA:0,(anonymous_14)
FNDA:0,(anonymous_15)
FNDA:0,(anonymous_16)
FNDA:0,(anonymous_17)
FNDA:0,(anonymous_18)
FNDA:0,(anonymous_19)
FNDA:0,(anonymous_20)
FNDA:0,(anonymous_21)
FNDA:0,(anonymous_22)
FNDA:0,(anonymous_23)
FNDA:0,(anonymous_24)
FNDA:0,(anonymous_25)
FNDA:0,(anonymous_26)
FNDA:0,(anonymous_27)
FNDA:0,(anonymous_28)
FNDA:0,(anonymous_29)
FNDA:0,(anonymous_30)
FNDA:0,(anonymous_31)
FNDA:0,(anonymous_32)
FNDA:0,(anonymous_33)
FNDA:0,(anonymous_34)
FNDA:0,(anonymous_35)
FNDA:0,(anonymous_36)
FNDA:0,(anonymous_37)
FNDA:0,(anonymous_38)
FNDA:0,(anonymous_39)
FNDA:0,(anonymous_40)
FNDA:0,(anonymous_41)
FNDA:0,(anonymous_42)
FNDA:0,(anonymous_43)
FNDA:0,(anonymous_44)
FNDA:0,(anonymous_45)
FNDA:0,(anonymous_46)
FNDA:0,(anonymous_47)
FNDA:0,(anonymous_48)
FNDA:0,waitFor
FNDA:0,(anonymous_50)
FNDA:0,flushPromises
FNDA:0,(anonymous_52)
DA:11,0
DA:12,0
DA:13,0
DA:19,0
DA:20,0
DA:21,0
DA:24,0
DA:25,0
DA:33,0
DA:40,0
DA:47,0
DA:54,0
DA:61,0
DA:68,0
DA:71,0
DA:72,0
DA:73,0
DA:74,0
DA:76,0
DA:80,0
DA:81,0
DA:82,0
DA:86,0
DA:87,0
DA:88,0
DA:90,0
DA:94,0
DA:95,0
DA:99,0
DA:100,0
DA:103,0
DA:104,0
DA:105,0
DA:106,0
DA:108,0
DA:110,0
DA:112,0
DA:113,0
DA:115,0
DA:120,0
DA:124,0
DA:125,0
DA:126,0
DA:127,0
DA:128,0
DA:132,0
DA:133,0
DA:134,0
DA:135,0
DA:138,0
DA:142,0
DA:143,0
DA:144,0
DA:148,0
DA:149,0
DA:150,0
DA:151,0
DA:153,0
DA:154,0
DA:158,0
DA:159,0
DA:160,0
DA:161,0
DA:163,0
DA:164,0
DA:165,0
DA:169,0
DA:170,0
DA:171,0
DA:172,0
DA:175,0
DA:182,0
DA:183,0
DA:190,0
DA:195,0
DA:211,0
DA:224,0
DA:240,0
DA:255,0
DA:269,0
DA:283,0
DA:299,0
DA:300,0
DA:306,0
DA:313,0
DA:314,0
DA:316,0
DA:318,0
DA:320,0
DA:326,0
DA:327,0
DA:329,0
DA:330,0
DA:331,0
DA:332,0
DA:333,0
DA:336,0
DA:339,0
DA:346,0
DA:348,0
DA:349,0
DA:352,0
DA:353,0
DA:354,0
DA:355,0
DA:362,0
DA:363,0
DA:364,0
DA:365,0
DA:371,0
DA:372,0
DA:373,0
DA:379,0
DA:382,0
DA:389,0
DA:396,0
DA:401,0
DA:432,0
DA:434,0
DA:435,0
DA:443,0
DA:448,0
DA:449,0
DA:456,0
DA:463,0
DA:470,0
DA:481,0
DA:482,0
DA:488,0
DA:489,0
LF:130
LH:0
BRDA:19,0,0,0
BRDA:24,1,0,0
BRDA:73,2,0,0
BRDA:87,3,0,0
BRDA:87,4,0,0
BRDA:87,4,1,0
BRDA:104,5,0,0
BRDA:104,6,0,0
BRDA:104,6,1,0
BRDA:108,7,0,0
BRDA:120,8,0,0
BRDA:120,8,1,0
BRDA:125,9,0,0
BRDA:132,10,0,0
BRDA:150,11,0,0
BRDA:160,12,0,0
BRDA:170,13,0,0
BRDA:170,13,1,0
BRDA:318,14,0,0
BRDA:318,14,1,0
BRDA:320,15,0,0
BRDA:320,15,1,0
BRDA:326,16,0,0
BRDA:326,16,1,0
BRDA:329,17,0,0
BRDA:329,17,1,0
BRDA:352,18,0,0
BRDA:354,19,0,0
BRDA:362,20,0,0
BRDA:364,21,0,0
BRDA:371,22,0,0
BRDA:373,23,0,0
BRDA:373,23,1,0
BRF:33
BRH:0
end_of_record
